1.1075 	WARNING 	We strongly recommend you activate the PTB sound engine in PsychoPy prefs as the preferred audio engine. Its timing is vastly superior. Your prefs are currently set to use ['sounddevice', 'PTB', 'pyo', 'pygame'] (in that order).
8.7402 	WARNING 	User requested fullscreen with size [1024  768], but screen is actually [1440, 900]. Using actual size
9.4194 	EXP 	Created window1 = Window(allowGUI=False, allowStencil=False, autoLog=True, backendConf=UNKNOWN, bitsMode=UNKNOWN, blendMode='avg', bpc=(8, 8, 8), color=array([0, 0, 0]), colorSpace='rgb', depthBits=8, fullscr=<method-wrapper '__getattribute__' of attributeSetter object at 0x7fa0a20af9e8>, gamma=None, gammaErrorPolicy='raise', lms=UNKNOWN, monitor=<psychopy.monitors.calibTools.Monitor object at 0x7fa09f795f60>, multiSample=False, name='window1', numSamples=2, pos=[0.0, 0.0], screen=0, size=array([1440,  900]), stencilBits=0, stereo=False, units='height', useFBO=True, useRetina=False, viewOri=0.0, viewPos=None, viewScale=None, waitBlanking=True, winType='pyglet')
9.4197 	EXP 	window1: mouseVisible = True
9.4198 	EXP 	window1: recordFrameIntervals = False
9.5857 	EXP 	window1: recordFrameIntervals = True
9.7699 	EXP 	window1: recordFrameIntervals = False
11.1833 	EXP 	Created text = TextStim(__class__=<class 'psychopy.visual.text.TextStim'>, alignHoriz=method-wrapper(...), alignText='center', alignVert=method-wrapper(...), anchorHoriz='center', anchorVert='center', antialias=True, autoLog=True, bold=False, color=array([1., 1., 1.]), colorSpace='rgb', contrast=1.0, depth=0.0, flipHoriz=False, flipVert=False, font='Open Sans', fontFiles=[], height=0.08, italic=False, languageStyle='LTR', name='text', opacity=1, ori=0.0, pos=array([0., 0.]), rgb=UNKNOWN, text=str(...), units='height', win=Window(...), wrapWidth=1)
11.4036 	EXP 	Created image = ImageStim(__class__=<class 'psychopy.visual.image.ImageStim'>, autoLog=True, color=array([1., 1., 1.]), colorSpace='rgb', contrast=1.0, depth=0.0, flipHoriz=False, flipVert=False, image='sin', interpolate=True, mask=None, maskParams=None, name='image', opacity=1, ori=0.0, pos=array([0., 0.]), size=array([0.5, 0.5]), texRes=128.0, units='height', win=Window(...))
11.4098 	EXP 	Created text2 = TextStim(__class__=<class 'psychopy.visual.text.TextStim'>, alignHoriz=method-wrapper(...), alignText='center', alignVert=method-wrapper(...), anchorHoriz='center', anchorVert='center', antialias=True, autoLog=True, bold=False, color=array([1., 1., 1.]), colorSpace='rgb', contrast=1.0, depth=-1.0, flipHoriz=False, flipVert=False, font='Open Sans', fontFiles=[], height=0.1, italic=False, languageStyle='LTR', name='text2', opacity=1, ori=0.0, pos=array([0., 0.]), rgb=UNKNOWN, text='+', units='height', win=Window(...), wrapWidth=1)
11.6291 	EXP 	Created text_3 = TextStim(__class__=<class 'psychopy.visual.text.TextStim'>, alignHoriz=method-wrapper(...), alignText='center', alignVert=method-wrapper(...), anchorHoriz='center', anchorVert='center', antialias=True, autoLog=True, bold=False, color=array([1., 1., 1.]), colorSpace='rgb', contrast=1.0, depth=0.0, flipHoriz=False, flipVert=False, font='Open Sans', fontFiles=[], height=0.08, italic=False, languageStyle='LTR', name='text_3', opacity=1, ori=0.0, pos=array([0., 0.]), rgb=UNKNOWN, text=str(...), units='height', win=Window(...), wrapWidth=1)
11.8348 	EXP 	Created text_2 = TextStim(__class__=<class 'psychopy.visual.text.TextStim'>, alignHoriz=method-wrapper(...), alignText='center', alignVert=method-wrapper(...), anchorHoriz='center', anchorVert='center', antialias=True, autoLog=True, bold=False, color=array([1., 1., 1.]), colorSpace='rgb', contrast=1.0, depth=0.0, flipHoriz=False, flipVert=False, font='Open Sans', fontFiles=[], height=0.1, italic=False, languageStyle='LTR', name='text_2', opacity=1, ori=0.0, pos=array([0., 0.]), rgb=UNKNOWN, text='+', units='height', win=Window(...), wrapWidth=1)
11.8402 	EXP 	Created image_2 = ImageStim(__class__=<class 'psychopy.visual.image.ImageStim'>, autoLog=True, color=array([1., 1., 1.]), colorSpace='rgb', contrast=1.0, depth=-1.0, flipHoriz=False, flipVert=False, image='sin', interpolate=True, mask=None, maskParams=None, name='image_2', opacity=1, ori=0.0, pos=array([0., 0.]), size=array([0.5, 0.5]), texRes=128.0, units='height', win=Window(...))
12.0971 	EXP 	Created text_6 = TextStim(__class__=<class 'psychopy.visual.text.TextStim'>, alignHoriz=method-wrapper(...), alignText='center', alignVert=method-wrapper(...), anchorHoriz='center', anchorVert='center', antialias=True, autoLog=True, bold=False, color=array([1., 1., 1.]), colorSpace='rgb', contrast=1.0, depth=0.0, flipHoriz=False, flipVert=False, font='Open Sans', fontFiles=[], height=0.06, italic=False, languageStyle='LTR', name='text_6', opacity=1, ori=0.0, pos=array([0., 0.]), rgb=UNKNOWN, text=str(...), units='height', win=Window(...), wrapWidth=1)
12.3033 	EXP 	Created text_4 = TextStim(__class__=<class 'psychopy.visual.text.TextStim'>, alignHoriz=method-wrapper(...), alignText='center', alignVert=method-wrapper(...), anchorHoriz='center', anchorVert='center', antialias=True, autoLog=True, bold=False, color=array([1., 1., 1.]), colorSpace='rgb', contrast=1.0, depth=0.0, flipHoriz=False, flipVert=False, font='Open Sans', fontFiles=[], height=0.1, italic=False, languageStyle='LTR', name='text_4', opacity=1, ori=0.0, pos=array([0., 0.]), rgb=UNKNOWN, text='+', units='height', win=Window(...), wrapWidth=1)
12.3088 	EXP 	Created image_3 = ImageStim(__class__=<class 'psychopy.visual.image.ImageStim'>, autoLog=True, color=array([1., 1., 1.]), colorSpace='rgb', contrast=1.0, depth=-1.0, flipHoriz=False, flipVert=False, image='sin', interpolate=True, mask=None, maskParams=None, name='image_3', opacity=1, ori=0.0, pos=array([0., 0.]), size=array([0.5, 0.5]), texRes=128.0, units='height', win=Window(...))
12.3266 	EXP 	Created text_5 = TextStim(__class__=<class 'psychopy.visual.text.TextStim'>, alignHoriz=method-wrapper(...), alignText='center', alignVert=method-wrapper(...), anchorHoriz='center', anchorVert='center', antialias=True, autoLog=True, bold=False, color=array([1., 1., 1.]), colorSpace='rgb', contrast=1.0, depth=-2.0, flipHoriz=False, flipVert=False, font='Open Sans', fontFiles=[], height=0.1, italic=False, languageStyle='LTR', name='text_5', opacity=1, ori=0.0, pos=array([0., 0.]), rgb=UNKNOWN, text='Had you seen this stimulus before?', units='height', win=Window(...), wrapWidth=1)
12.5480 	EXP 	text: autoDraw = True
35.6364 	EXP 	Imported rectangles.xlsx as conditions, 20 conditions, 3 params
35.6372 	EXP 	Created sequence: random, trialTypes=20, nReps=1, seed=None
35.6376 	EXP 	New trial (rep=0, index=0): {'condition': 'salient', 'task': 'go', 'stim_file': '1gov1.png'}
35.6937 	DATA 	Keypress: space
35.7049 	EXP 	text: autoDraw = False
35.7049 	EXP 	image: image = '1gov1.png'
35.7049 	EXP 	text2: autoDraw = True
36.6742 	EXP 	image: autoDraw = True
36.7075 	EXP 	text2: autoDraw = False
37.4120 	EXP 	New trial (rep=0, index=1): {'condition': 'nonsalient', 'task': 'go', 'stim_file': '1go.png'}
37.4311 	DATA 	Keypress: space
37.4442 	EXP 	image: autoDraw = False
37.4442 	EXP 	text2: autoDraw = False
37.4442 	EXP 	image: image = '1go.png'
37.4442 	EXP 	text2: autoDraw = True
38.4289 	EXP 	image: autoDraw = True
38.4456 	EXP 	text2: autoDraw = False
39.0495 	EXP 	New trial (rep=0, index=2): {'condition': 'nonsalient', 'task': 'nogo', 'stim_file': '1nogo4.png'}
39.0674 	DATA 	Keypress: space
39.0828 	EXP 	image: autoDraw = False
39.0828 	EXP 	text2: autoDraw = False
39.0828 	EXP 	image: image = '1nogo4.png'
39.0828 	EXP 	text2: autoDraw = True
40.0498 	EXP 	image: autoDraw = True
40.0832 	EXP 	text2: autoDraw = False
42.0552 	EXP 	image: autoDraw = False
43.0433 	EXP 	New trial (rep=0, index=3): {'condition': 'salient', 'task': 'nogo', 'stim_file': '1nogov3.png'}
43.0746 	EXP 	image: autoDraw = False
43.0746 	EXP 	text2: autoDraw = False
43.0746 	EXP 	image: image = '1nogov3.png'
43.0746 	EXP 	text2: autoDraw = True
44.0607 	EXP 	image: autoDraw = True
44.0773 	EXP 	text2: autoDraw = False
46.0659 	EXP 	image: autoDraw = False
47.0541 	EXP 	New trial (rep=0, index=4): {'condition': 'salient', 'task': 'go', 'stim_file': '1gov3.png'}
47.0854 	EXP 	image: autoDraw = False
47.0854 	EXP 	text2: autoDraw = False
47.0854 	EXP 	image: image = '1gov3.png'
47.0854 	EXP 	text2: autoDraw = True
48.0546 	EXP 	image: autoDraw = True
48.0880 	EXP 	text2: autoDraw = False
48.4409 	EXP 	New trial (rep=0, index=5): {'condition': 'salient', 'task': 'go', 'stim_file': '1gov.png'}
48.4557 	DATA 	Keypress: space
48.4724 	EXP 	image: autoDraw = False
48.4724 	EXP 	text2: autoDraw = False
48.4724 	EXP 	image: image = '1gov.png'
48.4724 	EXP 	text2: autoDraw = True
49.4587 	EXP 	image: autoDraw = True
49.4750 	EXP 	text2: autoDraw = False
49.8449 	EXP 	New trial (rep=0, index=6): {'condition': 'nonsalient', 'task': 'go', 'stim_file': '1go3.png'}
49.8636 	DATA 	Keypress: space
49.8763 	EXP 	image: autoDraw = False
49.8763 	EXP 	text2: autoDraw = False
49.8763 	EXP 	image: image = '1go3.png'
49.8763 	EXP 	text2: autoDraw = True
50.8443 	EXP 	image: autoDraw = True
50.8776 	EXP 	text2: autoDraw = False
51.2985 	EXP 	New trial (rep=0, index=7): {'condition': 'nonsalient', 'task': 'go', 'stim_file': '1go2.png'}
51.3151 	DATA 	Keypress: space
51.3302 	EXP 	image: autoDraw = False
51.3302 	EXP 	text2: autoDraw = False
51.3302 	EXP 	image: image = '1go2.png'
51.3302 	EXP 	text2: autoDraw = True
52.3160 	EXP 	image: autoDraw = True
52.3327 	EXP 	text2: autoDraw = False
52.7028 	EXP 	New trial (rep=0, index=8): {'condition': 'salient', 'task': 'nogo', 'stim_file': '1nogov1.png'}
52.7215 	DATA 	Keypress: space
52.7337 	EXP 	image: autoDraw = False
52.7337 	EXP 	text2: autoDraw = False
52.7337 	EXP 	image: image = '1nogov1.png'
52.7337 	EXP 	text2: autoDraw = True
53.7030 	EXP 	image: autoDraw = True
53.7364 	EXP 	text2: autoDraw = False
55.7084 	EXP 	image: autoDraw = False
56.6965 	EXP 	New trial (rep=0, index=9): {'condition': 'salient', 'task': 'go', 'stim_file': '1gov2.png'}
56.7277 	EXP 	image: autoDraw = False
56.7277 	EXP 	text2: autoDraw = False
56.7277 	EXP 	image: image = '1gov2.png'
56.7277 	EXP 	text2: autoDraw = True
57.6972 	EXP 	image: autoDraw = True
57.7307 	EXP 	text2: autoDraw = False
58.0671 	EXP 	New trial (rep=0, index=10): {'condition': 'nonsalient', 'task': 'nogo', 'stim_file': '1nogo2.png'}
58.0859 	DATA 	Keypress: space
58.0981 	EXP 	image: autoDraw = False
58.0981 	EXP 	text2: autoDraw = False
58.0981 	EXP 	image: image = '1nogo2.png'
58.0981 	EXP 	text2: autoDraw = True
59.0668 	EXP 	image: autoDraw = True
59.1009 	EXP 	text2: autoDraw = False
61.0727 	EXP 	image: autoDraw = False
62.0606 	EXP 	New trial (rep=0, index=11): {'condition': 'salient', 'task': 'nogo', 'stim_file': '1nogov2.png'}
62.0923 	EXP 	image: autoDraw = False
62.0923 	EXP 	text2: autoDraw = False
62.0923 	EXP 	image: image = '1nogov2.png'
62.0923 	EXP 	text2: autoDraw = True
63.0613 	EXP 	image: autoDraw = True
63.0949 	EXP 	text2: autoDraw = False
65.0666 	EXP 	image: autoDraw = False
66.0548 	EXP 	New trial (rep=0, index=12): {'condition': 'nonsalient', 'task': 'go', 'stim_file': '1go1.png'}
66.0861 	EXP 	image: autoDraw = False
66.0861 	EXP 	text2: autoDraw = False
66.0861 	EXP 	image: image = '1go1.png'
66.0861 	EXP 	text2: autoDraw = True
67.0553 	EXP 	image: autoDraw = True
67.0890 	EXP 	text2: autoDraw = False
67.4244 	EXP 	New trial (rep=0, index=13): {'condition': 'salient', 'task': 'go', 'stim_file': '1gov4.png'}
67.4392 	DATA 	Keypress: space
67.4565 	EXP 	image: autoDraw = False
67.4565 	EXP 	text2: autoDraw = False
67.4565 	EXP 	image: image = '1gov4.png'
67.4565 	EXP 	text2: autoDraw = True
68.4424 	EXP 	image: autoDraw = True
68.4591 	EXP 	text2: autoDraw = False
68.7786 	EXP 	New trial (rep=0, index=14): {'condition': 'nonsalient', 'task': 'nogo', 'stim_file': '1nogo.png'}
68.7948 	DATA 	Keypress: space
68.8101 	EXP 	image: autoDraw = False
68.8101 	EXP 	text2: autoDraw = False
68.8101 	EXP 	image: image = '1nogo.png'
68.8101 	EXP 	text2: autoDraw = True
69.7960 	EXP 	image: autoDraw = True
69.8127 	EXP 	text2: autoDraw = False
71.8014 	EXP 	image: autoDraw = False
72.7893 	EXP 	New trial (rep=0, index=15): {'condition': 'salient', 'task': 'nogo', 'stim_file': '1nogov.png'}
72.8207 	EXP 	image: autoDraw = False
72.8207 	EXP 	text2: autoDraw = False
72.8207 	EXP 	image: image = '1nogov.png'
72.8207 	EXP 	text2: autoDraw = True
73.8067 	EXP 	image: autoDraw = True
73.8235 	EXP 	text2: autoDraw = False
75.8120 	EXP 	image: autoDraw = False
76.8000 	EXP 	New trial (rep=0, index=16): {'condition': 'nonsalient', 'task': 'go', 'stim_file': '1go4.png'}
76.8314 	EXP 	image: autoDraw = False
76.8314 	EXP 	text2: autoDraw = False
76.8314 	EXP 	image: image = '1go4.png'
76.8314 	EXP 	text2: autoDraw = True
77.8176 	EXP 	image: autoDraw = True
77.8341 	EXP 	text2: autoDraw = False
78.2376 	EXP 	New trial (rep=0, index=17): {'condition': 'nonsalient', 'task': 'nogo', 'stim_file': '1nogo3.png'}
78.2558 	DATA 	Keypress: space
78.2686 	EXP 	image: autoDraw = False
78.2686 	EXP 	text2: autoDraw = False
78.2686 	EXP 	image: image = '1nogo3.png'
78.2686 	EXP 	text2: autoDraw = True
79.2380 	EXP 	image: autoDraw = True
79.2714 	EXP 	text2: autoDraw = False
81.2432 	EXP 	image: autoDraw = False
82.2315 	EXP 	New trial (rep=0, index=18): {'condition': 'salient', 'task': 'nogo', 'stim_file': '1nogov4.png'}
82.2626 	EXP 	image: autoDraw = False
82.2626 	EXP 	text2: autoDraw = False
82.2626 	EXP 	image: image = '1nogov4.png'
82.2626 	EXP 	text2: autoDraw = True
83.2486 	EXP 	image: autoDraw = True
83.2654 	EXP 	text2: autoDraw = False
85.2541 	EXP 	image: autoDraw = False
86.2420 	EXP 	New trial (rep=0, index=19): {'condition': 'nonsalient', 'task': 'nogo', 'stim_file': '1nogo1.png'}
86.2735 	EXP 	image: autoDraw = False
86.2735 	EXP 	text2: autoDraw = False
86.2735 	EXP 	image: image = '1nogo1.png'
86.2735 	EXP 	text2: autoDraw = True
87.2427 	EXP 	image: autoDraw = True
87.2760 	EXP 	text2: autoDraw = False
89.2480 	EXP 	image: autoDraw = False
90.2507 	EXP 	image: autoDraw = False
90.2507 	EXP 	text2: autoDraw = False
90.2507 	EXP 	text_3: autoDraw = True
98.3855 	EXP 	Imported circles.xlsx as conditions, 20 conditions, 3 params
98.3863 	EXP 	Created sequence: random, trialTypes=20, nReps=1, seed=None
98.3870 	EXP 	New trial (rep=0, index=0): {'condition': 'nonsalient', 'task': 'nogo', 'stim_file': '2nogo3.png'}
98.4033 	DATA 	Keypress: space
98.4224 	EXP 	text_3: autoDraw = False
98.4224 	EXP 	image_2: image = '2nogo3.png'
98.4224 	EXP 	text_2: autoDraw = True
99.4084 	EXP 	image_2: autoDraw = True
99.4252 	EXP 	text_2: autoDraw = False
101.4138 	EXP 	image_2: autoDraw = False
102.3859 	EXP 	New trial (rep=0, index=1): {'condition': 'salient', 'task': 'go', 'stim_file': '2gov.png'}
102.4166 	EXP 	text_2: autoDraw = False
102.4166 	EXP 	image_2: autoDraw = False
102.4166 	EXP 	image_2: image = '2gov.png'
102.4166 	EXP 	text_2: autoDraw = True
103.4025 	EXP 	image_2: autoDraw = True
103.4191 	EXP 	text_2: autoDraw = False
103.7873 	EXP 	New trial (rep=0, index=2): {'condition': 'nonsalient', 'task': 'go', 'stim_file': '2go3.png'}
103.8035 	DATA 	Keypress: space
103.8202 	EXP 	text_2: autoDraw = False
103.8202 	EXP 	image_2: autoDraw = False
103.8202 	EXP 	image_2: image = '2go3.png'
103.8202 	EXP 	text_2: autoDraw = True
104.8063 	EXP 	image_2: autoDraw = True
104.8229 	EXP 	text_2: autoDraw = False
105.1763 	EXP 	New trial (rep=0, index=3): {'condition': 'salient', 'task': 'go', 'stim_file': '2gov2.png'}
105.1973 	DATA 	Keypress: space
105.2073 	EXP 	text_2: autoDraw = False
105.2073 	EXP 	image_2: autoDraw = False
105.2073 	EXP 	image_2: image = '2gov2.png'
105.2073 	EXP 	text_2: autoDraw = True
106.1932 	EXP 	image_2: autoDraw = True
106.2099 	EXP 	text_2: autoDraw = False
106.5278 	EXP 	New trial (rep=0, index=4): {'condition': 'nonsalient', 'task': 'nogo', 'stim_file': '2nogo2.png'}
106.5419 	DATA 	Keypress: space
106.5609 	EXP 	text_2: autoDraw = False
106.5609 	EXP 	image_2: autoDraw = False
106.5609 	EXP 	image_2: image = '2nogo2.png'
106.5609 	EXP 	text_2: autoDraw = True
107.5469 	EXP 	image_2: autoDraw = True
107.5635 	EXP 	text_2: autoDraw = False
109.5522 	EXP 	image_2: autoDraw = False
110.5402 	EXP 	New trial (rep=0, index=5): {'condition': 'nonsalient', 'task': 'go', 'stim_file': '2go4.png'}
110.5716 	EXP 	text_2: autoDraw = False
110.5716 	EXP 	image_2: autoDraw = False
110.5716 	EXP 	image_2: image = '2go4.png'
110.5716 	EXP 	text_2: autoDraw = True
111.5575 	EXP 	image_2: autoDraw = True
111.5739 	EXP 	text_2: autoDraw = False
111.9276 	EXP 	New trial (rep=0, index=6): {'condition': 'salient', 'task': 'nogo', 'stim_file': '2nogov2.png'}
111.9509 	DATA 	Keypress: space
111.9585 	EXP 	text_2: autoDraw = False
111.9585 	EXP 	image_2: autoDraw = False
111.9585 	EXP 	image_2: image = '2nogov2.png'
111.9585 	EXP 	text_2: autoDraw = True
112.9447 	EXP 	image_2: autoDraw = True
112.9613 	EXP 	text_2: autoDraw = False
114.9502 	EXP 	image_2: autoDraw = False
115.9379 	EXP 	New trial (rep=0, index=7): {'condition': 'salient', 'task': 'nogo', 'stim_file': '2nogov.png'}
115.9695 	EXP 	text_2: autoDraw = False
115.9695 	EXP 	image_2: autoDraw = False
115.9695 	EXP 	image_2: image = '2nogov.png'
115.9695 	EXP 	text_2: autoDraw = True
116.9554 	EXP 	image_2: autoDraw = True
116.9721 	EXP 	text_2: autoDraw = False
118.9608 	EXP 	image_2: autoDraw = False
119.9487 	EXP 	New trial (rep=0, index=8): {'condition': 'salient', 'task': 'go', 'stim_file': '2gov4.png'}
119.9800 	EXP 	text_2: autoDraw = False
119.9800 	EXP 	image_2: autoDraw = False
119.9800 	EXP 	image_2: image = '2gov4.png'
119.9800 	EXP 	text_2: autoDraw = True
120.9662 	EXP 	image_2: autoDraw = True
120.9826 	EXP 	text_2: autoDraw = False
121.3529 	EXP 	New trial (rep=0, index=9): {'condition': 'nonsalient', 'task': 'go', 'stim_file': '2go1.png'}
121.3754 	DATA 	Keypress: space
121.3836 	EXP 	text_2: autoDraw = False
121.3836 	EXP 	image_2: autoDraw = False
121.3836 	EXP 	image_2: image = '2go1.png'
121.3836 	EXP 	text_2: autoDraw = True
122.3697 	EXP 	image_2: autoDraw = True
122.3864 	EXP 	text_2: autoDraw = False
122.7390 	EXP 	New trial (rep=0, index=10): {'condition': 'salient', 'task': 'nogo', 'stim_file': '2nogov1.png'}
122.7564 	DATA 	Keypress: space
122.7709 	EXP 	text_2: autoDraw = False
122.7709 	EXP 	image_2: autoDraw = False
122.7709 	EXP 	image_2: image = '2nogov1.png'
122.7709 	EXP 	text_2: autoDraw = True
123.7401 	EXP 	image_2: autoDraw = True
123.7734 	EXP 	text_2: autoDraw = False
125.7455 	EXP 	image_2: autoDraw = False
126.7334 	EXP 	New trial (rep=0, index=11): {'condition': 'nonsalient', 'task': 'go', 'stim_file': '2go.png'}
126.7649 	EXP 	text_2: autoDraw = False
126.7649 	EXP 	image_2: autoDraw = False
126.7649 	EXP 	image_2: image = '2go.png'
126.7649 	EXP 	text_2: autoDraw = True
127.7507 	EXP 	image_2: autoDraw = True
127.7675 	EXP 	text_2: autoDraw = False
128.1209 	EXP 	New trial (rep=0, index=12): {'condition': 'salient', 'task': 'nogo', 'stim_file': '2nogov4.png'}
128.1420 	DATA 	Keypress: space
128.1518 	EXP 	text_2: autoDraw = False
128.1518 	EXP 	image_2: autoDraw = False
128.1518 	EXP 	image_2: image = '2nogov4.png'
128.1518 	EXP 	text_2: autoDraw = True
129.1378 	EXP 	image_2: autoDraw = True
129.1545 	EXP 	text_2: autoDraw = False
131.1432 	EXP 	image_2: autoDraw = False
132.1312 	EXP 	New trial (rep=0, index=13): {'condition': 'salient', 'task': 'go', 'stim_file': '2gov1.png'}
132.1624 	EXP 	text_2: autoDraw = False
132.1624 	EXP 	image_2: autoDraw = False
132.1624 	EXP 	image_2: image = '2gov1.png'
132.1624 	EXP 	text_2: autoDraw = True
133.1486 	EXP 	image_2: autoDraw = True
133.1652 	EXP 	text_2: autoDraw = False
133.5002 	EXP 	New trial (rep=0, index=14): {'condition': 'salient', 'task': 'go', 'stim_file': '2gov3.png'}
133.5166 	DATA 	Keypress: space
133.5330 	EXP 	text_2: autoDraw = False
133.5330 	EXP 	image_2: autoDraw = False
133.5330 	EXP 	image_2: image = '2gov3.png'
133.5330 	EXP 	text_2: autoDraw = True
134.5190 	EXP 	image_2: autoDraw = True
134.5356 	EXP 	text_2: autoDraw = False
134.8711 	EXP 	New trial (rep=0, index=15): {'condition': 'nonsalient', 'task': 'nogo', 'stim_file': '2nogo1.png'}
134.8871 	DATA 	Keypress: space
134.9034 	EXP 	text_2: autoDraw = False
134.9034 	EXP 	image_2: autoDraw = False
134.9034 	EXP 	image_2: image = '2nogo1.png'
134.9034 	EXP 	text_2: autoDraw = True
135.8891 	EXP 	image_2: autoDraw = True
135.9060 	EXP 	text_2: autoDraw = False
137.8942 	EXP 	image_2: autoDraw = False
138.8826 	EXP 	New trial (rep=0, index=16): {'condition': 'nonsalient', 'task': 'nogo', 'stim_file': '2nogo.png'}
138.9140 	EXP 	text_2: autoDraw = False
138.9140 	EXP 	image_2: autoDraw = False
138.9140 	EXP 	image_2: image = '2nogo.png'
138.9140 	EXP 	text_2: autoDraw = True
139.8832 	EXP 	image_2: autoDraw = True
139.9166 	EXP 	text_2: autoDraw = False
141.8884 	EXP 	image_2: autoDraw = False
142.8766 	EXP 	New trial (rep=0, index=17): {'condition': 'salient', 'task': 'nogo', 'stim_file': '2nogov3.png'}
142.9081 	EXP 	text_2: autoDraw = False
142.9081 	EXP 	image_2: autoDraw = False
142.9081 	EXP 	image_2: image = '2nogov3.png'
142.9081 	EXP 	text_2: autoDraw = True
143.8938 	EXP 	image_2: autoDraw = True
143.9106 	EXP 	text_2: autoDraw = False
145.8992 	EXP 	image_2: autoDraw = False
146.8874 	EXP 	New trial (rep=0, index=18): {'condition': 'nonsalient', 'task': 'nogo', 'stim_file': '2nogo4.png'}
146.9188 	EXP 	text_2: autoDraw = False
146.9188 	EXP 	image_2: autoDraw = False
146.9188 	EXP 	image_2: image = '2nogo4.png'
146.9188 	EXP 	text_2: autoDraw = True
147.8879 	EXP 	image_2: autoDraw = True
147.9214 	EXP 	text_2: autoDraw = False
149.8933 	EXP 	image_2: autoDraw = False
150.8813 	EXP 	New trial (rep=0, index=19): {'condition': 'nonsalient', 'task': 'go', 'stim_file': '2go2.png'}
150.9128 	EXP 	text_2: autoDraw = False
150.9128 	EXP 	image_2: autoDraw = False
150.9128 	EXP 	image_2: image = '2go2.png'
150.9128 	EXP 	text_2: autoDraw = True
151.8818 	EXP 	image_2: autoDraw = True
151.9154 	EXP 	text_2: autoDraw = False
152.2907 	DATA 	Keypress: space
152.2994 	EXP 	text_2: autoDraw = False
152.2994 	EXP 	image_2: autoDraw = False
152.2994 	EXP 	text_6: autoDraw = True
176.8030 	EXP 	Imported yesno.xlsx as conditions, 40 conditions, 4 params
176.8037 	EXP 	Created sequence: random, trialTypes=40, nReps=1, seed=None
176.8041 	EXP 	New trial (rep=0, index=0): {'type': 'st', 'condition': 'salient', 'shape': 'circle', 'stim_file': '1nogov.png'}
176.8204 	DATA 	Keypress: space
176.8320 	EXP 	text_6: autoDraw = False
176.8320 	EXP 	image_3: image = '1nogov.png'
176.8320 	EXP 	text_4: autoDraw = True
177.8178 	EXP 	image_3: autoDraw = True
177.8348 	EXP 	text_4: autoDraw = False
179.8065 	EXP 	text_5: autoDraw = True
179.8232 	EXP 	image_3: autoDraw = False
181.3645 	EXP 	New trial (rep=0, index=1): {'type': 'st', 'condition': 'salient', 'shape': 'rectangle', 'stim_file': '1gov.png'}
181.3820 	DATA 	Keypress: left
181.3941 	EXP 	text_4: autoDraw = False
181.3941 	EXP 	image_3: autoDraw = False
181.3941 	EXP 	text_5: autoDraw = False
181.3941 	EXP 	image_3: image = '1gov.png'
181.3941 	EXP 	text_4: autoDraw = True
182.3633 	EXP 	image_3: autoDraw = True
182.3967 	EXP 	text_4: autoDraw = False
183.4013 	DATA 	Keypress: right
184.3688 	EXP 	image_3: autoDraw = False
184.3688 	EXP 	text_5: autoDraw = True
185.4228 	EXP 	New trial (rep=0, index=2): {'type': 'st', 'condition': 'salient', 'shape': 'rectangle', 'stim_file': '1gov4.png'}
185.4368 	DATA 	Keypress: right
185.4549 	EXP 	text_4: autoDraw = False
185.4549 	EXP 	image_3: autoDraw = False
185.4549 	EXP 	text_5: autoDraw = False
185.4549 	EXP 	image_3: image = '1gov4.png'
185.4549 	EXP 	text_4: autoDraw = True
186.4410 	EXP 	image_3: autoDraw = True
186.4576 	EXP 	text_4: autoDraw = False
188.4463 	EXP 	image_3: autoDraw = False
188.4463 	EXP 	text_5: autoDraw = True
189.5004 	EXP 	New trial (rep=0, index=3): {'type': 'nonst', 'condition': 'nonsalient', 'shape': 'rectangle', 'stim_file': 'nonstr.png'}
189.5144 	DATA 	Keypress: right
189.5324 	EXP 	text_4: autoDraw = False
189.5324 	EXP 	image_3: autoDraw = False
189.5324 	EXP 	text_5: autoDraw = False
189.5324 	EXP 	image_3: image = 'nonstr.png'
189.5324 	EXP 	text_4: autoDraw = True
190.5185 	EXP 	image_3: autoDraw = True
190.5353 	EXP 	text_4: autoDraw = False
192.1256 	DATA 	Keypress: left
192.5238 	EXP 	image_3: autoDraw = False
192.5238 	EXP 	text_5: autoDraw = True
192.9603 	EXP 	New trial (rep=0, index=4): {'type': 'nonst', 'condition': 'salient', 'shape': 'rectangle', 'stim_file': 'nonstrv1.png'}
192.9754 	DATA 	Keypress: left
192.9919 	EXP 	text_4: autoDraw = False
192.9919 	EXP 	image_3: autoDraw = False
192.9919 	EXP 	text_5: autoDraw = False
192.9919 	EXP 	image_3: image = 'nonstrv1.png'
192.9919 	EXP 	text_4: autoDraw = True
193.9776 	EXP 	image_3: autoDraw = True
193.9944 	EXP 	text_4: autoDraw = False
195.9830 	EXP 	image_3: autoDraw = False
195.9830 	EXP 	text_5: autoDraw = True
197.1723 	EXP 	New trial (rep=0, index=5): {'type': 'st', 'condition': 'nonsalient', 'shape': 'circle', 'stim_file': '1nogo.png'}
197.1905 	DATA 	Keypress: left
197.2030 	EXP 	text_4: autoDraw = False
197.2030 	EXP 	image_3: autoDraw = False
197.2030 	EXP 	text_5: autoDraw = False
197.2030 	EXP 	image_3: image = '1nogo.png'
197.2030 	EXP 	text_4: autoDraw = True
198.1719 	EXP 	image_3: autoDraw = True
198.2056 	EXP 	text_4: autoDraw = False
200.1760 	EXP 	image_3: autoDraw = False
200.1760 	EXP 	text_5: autoDraw = True
200.7320 	EXP 	New trial (rep=0, index=6): {'type': 'nonst', 'condition': 'nonsalient', 'shape': 'rectangle', 'stim_file': 'nonstr3.png'}
200.7504 	DATA 	Keypress: right
200.7626 	EXP 	text_4: autoDraw = False
200.7626 	EXP 	image_3: autoDraw = False
200.7626 	EXP 	text_5: autoDraw = False
200.7626 	EXP 	image_3: image = 'nonstr3.png'
200.7626 	EXP 	text_4: autoDraw = True
201.7318 	EXP 	image_3: autoDraw = True
201.7651 	EXP 	text_4: autoDraw = False
203.7371 	EXP 	image_3: autoDraw = False
203.7371 	EXP 	text_5: autoDraw = True
205.3425 	EXP 	New trial (rep=0, index=7): {'type': 'st', 'condition': 'salient', 'shape': 'circle', 'stim_file': '1nogov3.png'}
205.3566 	DATA 	Keypress: right
205.3748 	EXP 	text_4: autoDraw = False
205.3748 	EXP 	image_3: autoDraw = False
205.3748 	EXP 	text_5: autoDraw = False
205.3748 	EXP 	image_3: image = '1nogov3.png'
205.3748 	EXP 	text_4: autoDraw = True
206.3606 	EXP 	image_3: autoDraw = True
206.3774 	EXP 	text_4: autoDraw = False
208.3662 	EXP 	image_3: autoDraw = False
208.3662 	EXP 	text_5: autoDraw = True
209.3701 	EXP 	New trial (rep=0, index=8): {'type': 'nonst', 'condition': 'salient', 'shape': 'rectangle', 'stim_file': 'nonstrv3.png'}
209.3846 	DATA 	Keypress: left
209.4022 	EXP 	text_4: autoDraw = False
209.4022 	EXP 	image_3: autoDraw = False
209.4022 	EXP 	text_5: autoDraw = False
209.4022 	EXP 	image_3: image = 'nonstrv3.png'
209.4022 	EXP 	text_4: autoDraw = True
210.3881 	EXP 	image_3: autoDraw = True
210.4050 	EXP 	text_4: autoDraw = False
212.3936 	EXP 	image_3: autoDraw = False
212.3936 	EXP 	text_5: autoDraw = True
213.1640 	EXP 	New trial (rep=0, index=9): {'type': 'nonst', 'condition': 'salient', 'shape': 'rectangle', 'stim_file': 'nonstrv4.png'}
213.1794 	DATA 	Keypress: right
213.1957 	EXP 	text_4: autoDraw = False
213.1957 	EXP 	image_3: autoDraw = False
213.1957 	EXP 	text_5: autoDraw = False
213.1957 	EXP 	image_3: image = 'nonstrv4.png'
213.1957 	EXP 	text_4: autoDraw = True
214.1818 	EXP 	image_3: autoDraw = True
214.1984 	EXP 	text_4: autoDraw = False
216.1871 	EXP 	image_3: autoDraw = False
216.1871 	EXP 	text_5: autoDraw = True
217.0253 	EXP 	New trial (rep=0, index=10): {'type': 'st', 'condition': 'nonsalient', 'shape': 'rectangle', 'stim_file': '1go4.png'}
217.0457 	DATA 	Keypress: right
217.0558 	EXP 	text_4: autoDraw = False
217.0558 	EXP 	image_3: autoDraw = False
217.0558 	EXP 	text_5: autoDraw = False
217.0558 	EXP 	image_3: image = '1go4.png'
217.0558 	EXP 	text_4: autoDraw = True
218.0418 	EXP 	image_3: autoDraw = True
218.0586 	EXP 	text_4: autoDraw = False
220.0305 	EXP 	text_5: autoDraw = True
220.0472 	EXP 	image_3: autoDraw = False
221.0514 	EXP 	New trial (rep=0, index=11): {'type': 'nonst', 'condition': 'nonsalient', 'shape': 'circle', 'stim_file': 'nonstc4.png'}
221.0658 	DATA 	Keypress: right
221.0834 	EXP 	text_4: autoDraw = False
221.0834 	EXP 	image_3: autoDraw = False
221.0834 	EXP 	text_5: autoDraw = False
221.0834 	EXP 	image_3: image = 'nonstc4.png'
221.0834 	EXP 	text_4: autoDraw = True
222.0695 	EXP 	image_3: autoDraw = True
222.0862 	EXP 	text_4: autoDraw = False
224.0748 	EXP 	image_3: autoDraw = False
224.0748 	EXP 	text_5: autoDraw = True
225.7149 	EXP 	New trial (rep=0, index=12): {'type': 'st', 'condition': 'salient', 'shape': 'rectangle', 'stim_file': '1gov3.png'}
225.7327 	DATA 	Keypress: right
225.7458 	EXP 	text_4: autoDraw = False
225.7458 	EXP 	image_3: autoDraw = False
225.7458 	EXP 	text_5: autoDraw = False
225.7458 	EXP 	image_3: image = '1gov3.png'
225.7458 	EXP 	text_4: autoDraw = True
226.7150 	EXP 	image_3: autoDraw = True
226.7484 	EXP 	text_4: autoDraw = False
228.7203 	EXP 	image_3: autoDraw = False
228.7203 	EXP 	text_5: autoDraw = True
229.6400 	EXP 	New trial (rep=0, index=13): {'type': 'nonst', 'condition': 'salient', 'shape': 'rectangle', 'stim_file': 'nonstrv.png'}
229.6537 	DATA 	Keypress: right
229.6730 	EXP 	text_4: autoDraw = False
229.6730 	EXP 	image_3: autoDraw = False
229.6730 	EXP 	text_5: autoDraw = False
229.6730 	EXP 	image_3: image = 'nonstrv.png'
229.6730 	EXP 	text_4: autoDraw = True
230.6591 	EXP 	image_3: autoDraw = True
230.6758 	EXP 	text_4: autoDraw = False
232.6476 	EXP 	text_5: autoDraw = True
232.6645 	EXP 	image_3: autoDraw = False
233.4859 	EXP 	New trial (rep=0, index=14): {'type': 'st', 'condition': 'nonsalient', 'shape': 'circle', 'stim_file': '1nogo4.png'}
233.5053 	DATA 	Keypress: left
233.5167 	EXP 	text_4: autoDraw = False
233.5167 	EXP 	image_3: autoDraw = False
233.5167 	EXP 	text_5: autoDraw = False
233.5167 	EXP 	image_3: image = '1nogo4.png'
233.5167 	EXP 	text_4: autoDraw = True
234.4861 	EXP 	image_3: autoDraw = True
234.5193 	EXP 	text_4: autoDraw = False
236.4914 	EXP 	image_3: autoDraw = False
236.4914 	EXP 	text_5: autoDraw = True
236.9787 	EXP 	New trial (rep=0, index=15): {'type': 'nonst', 'condition': 'nonsalient', 'shape': 'circle', 'stim_file': 'nonstc1.png'}
236.9993 	DATA 	Keypress: right
237.0093 	EXP 	text_4: autoDraw = False
237.0093 	EXP 	image_3: autoDraw = False
237.0093 	EXP 	text_5: autoDraw = False
237.0093 	EXP 	image_3: image = 'nonstc1.png'
237.0093 	EXP 	text_4: autoDraw = True
237.9953 	EXP 	image_3: autoDraw = True
238.0119 	EXP 	text_4: autoDraw = False
239.9840 	EXP 	text_5: autoDraw = True
240.0006 	EXP 	image_3: autoDraw = False
240.7553 	EXP 	New trial (rep=0, index=16): {'type': 'nonst', 'condition': 'nonsalient', 'shape': 'circle', 'stim_file': 'nonstc3.png'}
240.7748 	DATA 	Keypress: left
240.7860 	EXP 	text_4: autoDraw = False
240.7860 	EXP 	image_3: autoDraw = False
240.7860 	EXP 	text_5: autoDraw = False
240.7860 	EXP 	image_3: image = 'nonstc3.png'
240.7860 	EXP 	text_4: autoDraw = True
241.7552 	EXP 	image_3: autoDraw = True
241.7887 	EXP 	text_4: autoDraw = False
243.7607 	EXP 	image_3: autoDraw = False
243.7607 	EXP 	text_5: autoDraw = True
244.3651 	EXP 	New trial (rep=0, index=17): {'type': 'st', 'condition': 'nonsalient', 'shape': 'circle', 'stim_file': '1nogo3.png'}
244.3856 	DATA 	Keypress: left
244.3958 	EXP 	text_4: autoDraw = False
244.3958 	EXP 	image_3: autoDraw = False
244.3958 	EXP 	text_5: autoDraw = False
244.3958 	EXP 	image_3: image = '1nogo3.png'
244.3958 	EXP 	text_4: autoDraw = True
245.3816 	EXP 	image_3: autoDraw = True
245.3985 	EXP 	text_4: autoDraw = False
247.3702 	EXP 	text_5: autoDraw = True
247.3870 	EXP 	image_3: autoDraw = False
248.7435 	EXP 	New trial (rep=0, index=18): {'type': 'nonst', 'condition': 'salient', 'shape': 'circle', 'stim_file': 'nonstcv2.png'}
248.7621 	DATA 	Keypress: left
248.7741 	EXP 	text_4: autoDraw = False
248.7741 	EXP 	image_3: autoDraw = False
248.7741 	EXP 	text_5: autoDraw = False
248.7741 	EXP 	image_3: image = 'nonstcv2.png'
248.7741 	EXP 	text_4: autoDraw = True
249.7600 	EXP 	image_3: autoDraw = True
249.7767 	EXP 	text_4: autoDraw = False
251.7487 	EXP 	text_5: autoDraw = True
251.7656 	EXP 	image_3: autoDraw = False
252.3348 	EXP 	New trial (rep=0, index=19): {'type': 'st', 'condition': 'nonsalient', 'shape': 'circle', 'stim_file': '1nogo1.png'}
252.3496 	DATA 	Keypress: left
252.3669 	EXP 	text_4: autoDraw = False
252.3669 	EXP 	image_3: autoDraw = False
252.3669 	EXP 	text_5: autoDraw = False
252.3669 	EXP 	image_3: image = '1nogo1.png'
252.3669 	EXP 	text_4: autoDraw = True
253.3530 	EXP 	image_3: autoDraw = True
253.3696 	EXP 	text_4: autoDraw = False
255.3583 	EXP 	image_3: autoDraw = False
255.3583 	EXP 	text_5: autoDraw = True
255.7954 	EXP 	New trial (rep=0, index=20): {'type': 'st', 'condition': 'salient', 'shape': 'rectangle', 'stim_file': '1gov1.png'}
255.8121 	DATA 	Keypress: right
255.8263 	EXP 	text_4: autoDraw = False
255.8263 	EXP 	image_3: autoDraw = False
255.8263 	EXP 	text_5: autoDraw = False
255.8263 	EXP 	image_3: image = '1gov1.png'
255.8263 	EXP 	text_4: autoDraw = True
256.7954 	EXP 	image_3: autoDraw = True
256.8289 	EXP 	text_4: autoDraw = False
258.8008 	EXP 	image_3: autoDraw = False
258.8008 	EXP 	text_5: autoDraw = True
259.1880 	EXP 	New trial (rep=0, index=21): {'type': 'st', 'condition': 'salient', 'shape': 'circle', 'stim_file': '1nogov4.png'}
259.2056 	DATA 	Keypress: right
259.2186 	EXP 	text_4: autoDraw = False
259.2186 	EXP 	image_3: autoDraw = False
259.2186 	EXP 	text_5: autoDraw = False
259.2186 	EXP 	image_3: image = '1nogov4.png'
259.2186 	EXP 	text_4: autoDraw = True
260.1879 	EXP 	image_3: autoDraw = True
260.2212 	EXP 	text_4: autoDraw = False
262.1916 	EXP 	image_3: autoDraw = False
262.1916 	EXP 	text_5: autoDraw = True
262.4630 	EXP 	New trial (rep=0, index=22): {'type': 'nonst', 'condition': 'salient', 'shape': 'rectangle', 'stim_file': 'nonstrv2.png'}
262.4770 	DATA 	Keypress: right
262.4940 	EXP 	text_4: autoDraw = False
262.4940 	EXP 	image_3: autoDraw = False
262.4940 	EXP 	text_5: autoDraw = False
262.4940 	EXP 	image_3: image = 'nonstrv2.png'
262.4940 	EXP 	text_4: autoDraw = True
263.4802 	EXP 	image_3: autoDraw = True
263.4966 	EXP 	text_4: autoDraw = False
265.4855 	EXP 	image_3: autoDraw = False
265.4855 	EXP 	text_5: autoDraw = True
265.7543 	EXP 	New trial (rep=0, index=23): {'type': 'st', 'condition': 'salient', 'shape': 'circle', 'stim_file': '1nogov1.png'}
265.7684 	DATA 	Keypress: left
265.7862 	EXP 	text_4: autoDraw = False
265.7862 	EXP 	image_3: autoDraw = False
265.7862 	EXP 	text_5: autoDraw = False
265.7862 	EXP 	image_3: image = '1nogov1.png'
265.7862 	EXP 	text_4: autoDraw = True
266.7720 	EXP 	image_3: autoDraw = True
266.7887 	EXP 	text_4: autoDraw = False
268.7776 	EXP 	image_3: autoDraw = False
268.7776 	EXP 	text_5: autoDraw = True
269.0634 	EXP 	New trial (rep=0, index=24): {'type': 'st', 'condition': 'salient', 'shape': 'rectangle', 'stim_file': '1gov2.png'}
269.0773 	DATA 	Keypress: left
269.0950 	EXP 	text_4: autoDraw = False
269.0950 	EXP 	image_3: autoDraw = False
269.0950 	EXP 	text_5: autoDraw = False
269.0950 	EXP 	image_3: image = '1gov2.png'
269.0950 	EXP 	text_4: autoDraw = True
270.0810 	EXP 	image_3: autoDraw = True
270.0977 	EXP 	text_4: autoDraw = False
272.0864 	EXP 	image_3: autoDraw = False
272.0864 	EXP 	text_5: autoDraw = True
272.3876 	EXP 	New trial (rep=0, index=25): {'type': 'nonst', 'condition': 'nonsalient', 'shape': 'circle', 'stim_file': 'nonstc2.png'}
272.4017 	DATA 	Keypress: right
272.4206 	EXP 	text_4: autoDraw = False
272.4206 	EXP 	image_3: autoDraw = False
272.4206 	EXP 	text_5: autoDraw = False
272.4206 	EXP 	image_3: image = 'nonstc2.png'
272.4206 	EXP 	text_4: autoDraw = True
273.4065 	EXP 	image_3: autoDraw = True
273.4232 	EXP 	text_4: autoDraw = False
275.3951 	EXP 	text_5: autoDraw = True
275.4118 	EXP 	image_3: autoDraw = False
275.9324 	EXP 	New trial (rep=0, index=26): {'type': 'st', 'condition': 'nonsalient', 'shape': 'rectangle', 'stim_file': '1go1.png'}
275.9493 	DATA 	Keypress: right
275.9634 	EXP 	text_4: autoDraw = False
275.9634 	EXP 	image_3: autoDraw = False
275.9634 	EXP 	text_5: autoDraw = False
275.9634 	EXP 	image_3: image = '1go1.png'
275.9634 	EXP 	text_4: autoDraw = True
276.9326 	EXP 	image_3: autoDraw = True
276.9659 	EXP 	text_4: autoDraw = False
278.9379 	EXP 	image_3: autoDraw = False
278.9379 	EXP 	text_5: autoDraw = True
279.8917 	EXP 	New trial (rep=0, index=27): {'type': 'nonst', 'condition': 'salient', 'shape': 'circle', 'stim_file': 'nonstcv1.png'}
279.9056 	DATA 	Keypress: right
279.9242 	EXP 	text_4: autoDraw = False
279.9242 	EXP 	image_3: autoDraw = False
279.9242 	EXP 	text_5: autoDraw = False
279.9242 	EXP 	image_3: image = 'nonstcv1.png'
279.9242 	EXP 	text_4: autoDraw = True
280.9099 	EXP 	image_3: autoDraw = True
280.9266 	EXP 	text_4: autoDraw = False
282.9152 	EXP 	image_3: autoDraw = False
282.9152 	EXP 	text_5: autoDraw = True
283.2355 	EXP 	New trial (rep=0, index=28): {'type': 'st', 'condition': 'nonsalient', 'shape': 'rectangle', 'stim_file': '1go2.png'}
283.2557 	DATA 	Keypress: right
283.2663 	EXP 	text_4: autoDraw = False
283.2663 	EXP 	image_3: autoDraw = False
283.2663 	EXP 	text_5: autoDraw = False
283.2663 	EXP 	image_3: image = '1go2.png'
283.2663 	EXP 	text_4: autoDraw = True
284.2354 	EXP 	image_3: autoDraw = True
284.2688 	EXP 	text_4: autoDraw = False
286.2408 	EXP 	image_3: autoDraw = False
286.2408 	EXP 	text_5: autoDraw = True
286.5457 	DATA 	Keypress: right
286.5610 	EXP 	New trial (rep=0, index=29): {'type': 'st', 'condition': 'nonsalient', 'shape': 'rectangle', 'stim_file': '1go.png'}
286.5919 	EXP 	text_4: autoDraw = False
286.5919 	EXP 	image_3: autoDraw = False
286.5919 	EXP 	text_5: autoDraw = False
286.5919 	EXP 	image_3: image = '1go.png'
286.5919 	EXP 	text_4: autoDraw = True
287.5610 	EXP 	image_3: autoDraw = True
287.5943 	EXP 	text_4: autoDraw = False
289.5663 	EXP 	image_3: autoDraw = False
289.5663 	EXP 	text_5: autoDraw = True
289.8686 	EXP 	New trial (rep=0, index=30): {'type': 'nonst', 'condition': 'salient', 'shape': 'circle', 'stim_file': 'nonstcv4.png'}
289.8832 	DATA 	Keypress: right
289.9005 	EXP 	text_4: autoDraw = False
289.9005 	EXP 	image_3: autoDraw = False
289.9005 	EXP 	text_5: autoDraw = False
289.9005 	EXP 	image_3: image = 'nonstcv4.png'
289.9005 	EXP 	text_4: autoDraw = True
290.8865 	EXP 	image_3: autoDraw = True
290.9028 	EXP 	text_4: autoDraw = False
292.8918 	EXP 	image_3: autoDraw = False
292.8918 	EXP 	text_5: autoDraw = True
293.1452 	EXP 	New trial (rep=0, index=31): {'type': 'nonst', 'condition': 'nonsalient', 'shape': 'circle', 'stim_file': 'nonstc.png'}
293.1618 	DATA 	Keypress: left
293.1759 	EXP 	text_4: autoDraw = False
293.1759 	EXP 	image_3: autoDraw = False
293.1759 	EXP 	text_5: autoDraw = False
293.1759 	EXP 	image_3: image = 'nonstc.png'
293.1759 	EXP 	text_4: autoDraw = True
294.1453 	EXP 	image_3: autoDraw = True
294.1786 	EXP 	text_4: autoDraw = False
296.1505 	EXP 	image_3: autoDraw = False
296.1505 	EXP 	text_5: autoDraw = True
296.4351 	EXP 	New trial (rep=0, index=32): {'type': 'st', 'condition': 'salient', 'shape': 'circle', 'stim_file': '1nogov2.png'}
296.4494 	DATA 	Keypress: right
296.4682 	EXP 	text_4: autoDraw = False
296.4682 	EXP 	image_3: autoDraw = False
296.4682 	EXP 	text_5: autoDraw = False
296.4682 	EXP 	image_3: image = '1nogov2.png'
296.4682 	EXP 	text_4: autoDraw = True
297.4541 	EXP 	image_3: autoDraw = True
297.4707 	EXP 	text_4: autoDraw = False
299.4428 	EXP 	text_5: autoDraw = True
299.4593 	EXP 	image_3: autoDraw = False
299.7788 	EXP 	New trial (rep=0, index=33): {'type': 'st', 'condition': 'nonsalient', 'shape': 'rectangle', 'stim_file': '1go3.png'}
299.7949 	DATA 	Keypress: right
299.8106 	EXP 	text_4: autoDraw = False
299.8106 	EXP 	image_3: autoDraw = False
299.8106 	EXP 	text_5: autoDraw = False
299.8106 	EXP 	image_3: image = '1go3.png'
299.8106 	EXP 	text_4: autoDraw = True
300.7964 	EXP 	image_3: autoDraw = True
300.8132 	EXP 	text_4: autoDraw = False
302.8016 	EXP 	image_3: autoDraw = False
302.8016 	EXP 	text_5: autoDraw = True
303.8556 	EXP 	New trial (rep=0, index=34): {'type': 'nonst', 'condition': 'nonsalient', 'shape': 'rectangle', 'stim_file': 'nonstr4.png'}
303.8704 	DATA 	Keypress: right
303.8880 	EXP 	text_4: autoDraw = False
303.8880 	EXP 	image_3: autoDraw = False
303.8880 	EXP 	text_5: autoDraw = False
303.8880 	EXP 	image_3: image = 'nonstr4.png'
303.8880 	EXP 	text_4: autoDraw = True
304.8739 	EXP 	image_3: autoDraw = True
304.8907 	EXP 	text_4: autoDraw = False
306.8792 	EXP 	image_3: autoDraw = False
306.8792 	EXP 	text_5: autoDraw = True
307.1150 	EXP 	New trial (rep=0, index=35): {'type': 'nonst', 'condition': 'nonsalient', 'shape': 'rectangle', 'stim_file': 'nonstr1.png'}
307.1296 	DATA 	Keypress: right
307.1467 	EXP 	text_4: autoDraw = False
307.1467 	EXP 	image_3: autoDraw = False
307.1467 	EXP 	text_5: autoDraw = False
307.1467 	EXP 	image_3: image = 'nonstr1.png'
307.1467 	EXP 	text_4: autoDraw = True
308.1325 	EXP 	image_3: autoDraw = True
308.1494 	EXP 	text_4: autoDraw = False
310.1379 	EXP 	image_3: autoDraw = False
310.1379 	EXP 	text_5: autoDraw = True
310.4741 	EXP 	New trial (rep=0, index=36): {'type': 'nonst', 'condition': 'nonsalient', 'shape': 'rectangle', 'stim_file': 'nonstr2.png'}
310.4885 	DATA 	Keypress: right
310.5057 	EXP 	text_4: autoDraw = False
310.5057 	EXP 	image_3: autoDraw = False
310.5057 	EXP 	text_5: autoDraw = False
310.5057 	EXP 	image_3: image = 'nonstr2.png'
310.5057 	EXP 	text_4: autoDraw = True
311.4915 	EXP 	image_3: autoDraw = True
311.5082 	EXP 	text_4: autoDraw = False
313.4969 	EXP 	image_3: autoDraw = False
313.4969 	EXP 	text_5: autoDraw = True
313.8840 	EXP 	New trial (rep=0, index=37): {'type': 'nonst', 'condition': 'salient', 'shape': 'circle', 'stim_file': 'nonstcv.png'}
313.9038 	DATA 	Keypress: left
313.9147 	EXP 	text_4: autoDraw = False
313.9147 	EXP 	image_3: autoDraw = False
313.9147 	EXP 	text_5: autoDraw = False
313.9147 	EXP 	image_3: image = 'nonstcv.png'
313.9147 	EXP 	text_4: autoDraw = True
314.9006 	EXP 	image_3: autoDraw = True
314.9173 	EXP 	text_4: autoDraw = False
316.8895 	EXP 	text_5: autoDraw = True
316.9060 	EXP 	image_3: autoDraw = False
317.1763 	EXP 	New trial (rep=0, index=38): {'type': 'st', 'condition': 'nonsalient', 'shape': 'circle', 'stim_file': '1nogo2.png'}
317.1951 	DATA 	Keypress: right
317.2069 	EXP 	text_4: autoDraw = False
317.2069 	EXP 	image_3: autoDraw = False
317.2069 	EXP 	text_5: autoDraw = False
317.2069 	EXP 	image_3: image = '1nogo2.png'
317.2069 	EXP 	text_4: autoDraw = True
318.1928 	EXP 	image_3: autoDraw = True
318.2094 	EXP 	text_4: autoDraw = False
320.1814 	EXP 	text_5: autoDraw = True
320.1982 	EXP 	image_3: autoDraw = False
320.4344 	EXP 	New trial (rep=0, index=39): {'type': 'nonst', 'condition': 'salient', 'shape': 'circle', 'stim_file': 'nonstcv3.png'}
320.4493 	DATA 	Keypress: right
320.4654 	EXP 	text_4: autoDraw = False
320.4654 	EXP 	image_3: autoDraw = False
320.4654 	EXP 	text_5: autoDraw = False
320.4654 	EXP 	image_3: image = 'nonstcv3.png'
320.4654 	EXP 	text_4: autoDraw = True
321.4515 	EXP 	image_3: autoDraw = True
321.4692 	EXP 	text_4: autoDraw = False
323.4568 	EXP 	image_3: autoDraw = False
323.4568 	EXP 	text_5: autoDraw = True
323.8126 	DATA 	Keypress: left
323.8244 	EXP 	text_4: autoDraw = False
323.8244 	EXP 	image_3: autoDraw = False
323.8244 	EXP 	text_5: autoDraw = False
324.1364 	EXP 	window1: mouseVisible = True
