1.4080 	WARNING 	We strongly recommend you activate the PTB sound engine in PsychoPy prefs as the preferred audio engine. Its timing is vastly superior. Your prefs are currently set to use ['sounddevice', 'PTB', 'pyo', 'pygame'] (in that order).
11.7260 	WARNING 	User requested fullscreen with size [1024  768], but screen is actually [1440, 900]. Using actual size
12.4193 	EXP 	Created window1 = Window(allowGUI=False, allowStencil=False, autoLog=True, backendConf=UNKNOWN, bitsMode=UNKNOWN, blendMode='avg', bpc=(8, 8, 8), color=array([0, 0, 0]), colorSpace='rgb', depthBits=8, fullscr=<method-wrapper '__getattribute__' of attributeSetter object at 0x7fc82136d9e8>, gamma=None, gammaErrorPolicy='raise', lms=UNKNOWN, monitor=<psychopy.monitors.calibTools.Monitor object at 0x7fc83e0f3f28>, multiSample=False, name='window1', numSamples=2, pos=[0.0, 0.0], screen=0, size=array([1440,  900]), stencilBits=0, stereo=False, units='height', useFBO=True, useRetina=False, viewOri=0.0, viewPos=None, viewScale=None, waitBlanking=True, winType='pyglet')
12.4197 	EXP 	window1: mouseVisible = True
12.4197 	EXP 	window1: recordFrameIntervals = False
12.5858 	EXP 	window1: recordFrameIntervals = True
12.7686 	EXP 	window1: recordFrameIntervals = False
14.2932 	EXP 	Created text = TextStim(__class__=<class 'psychopy.visual.text.TextStim'>, alignHoriz=method-wrapper(...), alignText='center', alignVert=method-wrapper(...), anchorHoriz='center', anchorVert='center', antialias=True, autoLog=True, bold=False, color=array([1., 1., 1.]), colorSpace='rgb', contrast=1.0, depth=0.0, flipHoriz=False, flipVert=False, font='Open Sans', fontFiles=[], height=0.08, italic=False, languageStyle='LTR', name='text', opacity=1, ori=0.0, pos=array([0., 0.]), rgb=UNKNOWN, text=str(...), units='height', win=Window(...), wrapWidth=1)
14.5112 	EXP 	Created image = ImageStim(__class__=<class 'psychopy.visual.image.ImageStim'>, autoLog=True, color=array([1., 1., 1.]), colorSpace='rgb', contrast=1.0, depth=0.0, flipHoriz=False, flipVert=False, image='sin', interpolate=True, mask=None, maskParams=None, name='image', opacity=1, ori=0.0, pos=array([0., 0.]), size=array([0.5, 0.5]), texRes=128.0, units='height', win=Window(...))
14.5176 	EXP 	Created text2 = TextStim(__class__=<class 'psychopy.visual.text.TextStim'>, alignHoriz=method-wrapper(...), alignText='center', alignVert=method-wrapper(...), anchorHoriz='center', anchorVert='center', antialias=True, autoLog=True, bold=False, color=array([1., 1., 1.]), colorSpace='rgb', contrast=1.0, depth=-1.0, flipHoriz=False, flipVert=False, font='Open Sans', fontFiles=[], height=0.1, italic=False, languageStyle='LTR', name='text2', opacity=1, ori=0.0, pos=array([0., 0.]), rgb=UNKNOWN, text='+', units='height', win=Window(...), wrapWidth=1)
14.7347 	EXP 	Created text_3 = TextStim(__class__=<class 'psychopy.visual.text.TextStim'>, alignHoriz=method-wrapper(...), alignText='center', alignVert=method-wrapper(...), anchorHoriz='center', anchorVert='center', antialias=True, autoLog=True, bold=False, color=array([1., 1., 1.]), colorSpace='rgb', contrast=1.0, depth=0.0, flipHoriz=False, flipVert=False, font='Open Sans', fontFiles=[], height=0.08, italic=False, languageStyle='LTR', name='text_3', opacity=1, ori=0.0, pos=array([0., 0.]), rgb=UNKNOWN, text=str(...), units='height', win=Window(...), wrapWidth=1)
14.9367 	EXP 	Created text_2 = TextStim(__class__=<class 'psychopy.visual.text.TextStim'>, alignHoriz=method-wrapper(...), alignText='center', alignVert=method-wrapper(...), anchorHoriz='center', anchorVert='center', antialias=True, autoLog=True, bold=False, color=array([1., 1., 1.]), colorSpace='rgb', contrast=1.0, depth=0.0, flipHoriz=False, flipVert=False, font='Open Sans', fontFiles=[], height=0.1, italic=False, languageStyle='LTR', name='text_2', opacity=1, ori=0.0, pos=array([0., 0.]), rgb=UNKNOWN, text='+', units='height', win=Window(...), wrapWidth=1)
14.9422 	EXP 	Created image_2 = ImageStim(__class__=<class 'psychopy.visual.image.ImageStim'>, autoLog=True, color=array([1., 1., 1.]), colorSpace='rgb', contrast=1.0, depth=-1.0, flipHoriz=False, flipVert=False, image='sin', interpolate=True, mask=None, maskParams=None, name='image_2', opacity=1, ori=0.0, pos=array([0., 0.]), size=array([0.5, 0.5]), texRes=128.0, units='height', win=Window(...))
15.1980 	EXP 	Created text_6 = TextStim(__class__=<class 'psychopy.visual.text.TextStim'>, alignHoriz=method-wrapper(...), alignText='center', alignVert=method-wrapper(...), anchorHoriz='center', anchorVert='center', antialias=True, autoLog=True, bold=False, color=array([1., 1., 1.]), colorSpace='rgb', contrast=1.0, depth=0.0, flipHoriz=False, flipVert=False, font='Open Sans', fontFiles=[], height=0.06, italic=False, languageStyle='LTR', name='text_6', opacity=1, ori=0.0, pos=array([0., 0.]), rgb=UNKNOWN, text=str(...), units='height', win=Window(...), wrapWidth=1)
15.4026 	EXP 	Created text_4 = TextStim(__class__=<class 'psychopy.visual.text.TextStim'>, alignHoriz=method-wrapper(...), alignText='center', alignVert=method-wrapper(...), anchorHoriz='center', anchorVert='center', antialias=True, autoLog=True, bold=False, color=array([1., 1., 1.]), colorSpace='rgb', contrast=1.0, depth=0.0, flipHoriz=False, flipVert=False, font='Open Sans', fontFiles=[], height=0.1, italic=False, languageStyle='LTR', name='text_4', opacity=1, ori=0.0, pos=array([0., 0.]), rgb=UNKNOWN, text='+', units='height', win=Window(...), wrapWidth=1)
15.4084 	EXP 	Created image_3 = ImageStim(__class__=<class 'psychopy.visual.image.ImageStim'>, autoLog=True, color=array([1., 1., 1.]), colorSpace='rgb', contrast=1.0, depth=-1.0, flipHoriz=False, flipVert=False, image='sin', interpolate=True, mask=None, maskParams=None, name='image_3', opacity=1, ori=0.0, pos=array([0., 0.]), size=array([0.5, 0.5]), texRes=128.0, units='height', win=Window(...))
15.4267 	EXP 	Created text_5 = TextStim(__class__=<class 'psychopy.visual.text.TextStim'>, alignHoriz=method-wrapper(...), alignText='center', alignVert=method-wrapper(...), anchorHoriz='center', anchorVert='center', antialias=True, autoLog=True, bold=False, color=array([1., 1., 1.]), colorSpace='rgb', contrast=1.0, depth=-2.0, flipHoriz=False, flipVert=False, font='Open Sans', fontFiles=[], height=0.1, italic=False, languageStyle='LTR', name='text_5', opacity=1, ori=0.0, pos=array([0., 0.]), rgb=UNKNOWN, text='Had you seen this stimulus before?', units='height', win=Window(...), wrapWidth=1)
15.6432 	EXP 	text: autoDraw = True
37.5827 	EXP 	Imported rectangles.xlsx as conditions, 20 conditions, 3 params
37.5835 	EXP 	Created sequence: random, trialTypes=20, nReps=1, seed=None
37.5839 	EXP 	New trial (rep=0, index=0): {'condition': 'nonsalient', 'task': 'go', 'stim_file': '1go1.png'}
37.6323 	DATA 	Keypress: space
37.6521 	EXP 	text: autoDraw = False
37.6521 	EXP 	image: image = '1go1.png'
37.6521 	EXP 	text2: autoDraw = True
38.6214 	EXP 	image: autoDraw = True
38.6549 	EXP 	text2: autoDraw = False
40.1093 	EXP 	New trial (rep=0, index=1): {'condition': 'nonsalient', 'task': 'nogo', 'stim_file': '1nogo1.png'}
40.1294 	DATA 	Keypress: space
40.1434 	EXP 	image: autoDraw = False
40.1434 	EXP 	text2: autoDraw = False
40.1434 	EXP 	image: image = '1nogo1.png'
40.1434 	EXP 	text2: autoDraw = True
41.1282 	EXP 	image: autoDraw = True
41.1450 	EXP 	text2: autoDraw = False
43.1334 	EXP 	image: autoDraw = False
44.1216 	EXP 	New trial (rep=0, index=2): {'condition': 'salient', 'task': 'go', 'stim_file': '1gov.png'}
44.1553 	EXP 	image: autoDraw = False
44.1553 	EXP 	text2: autoDraw = False
44.1553 	EXP 	image: image = '1gov.png'
44.1553 	EXP 	text2: autoDraw = True
45.1388 	EXP 	image: autoDraw = True
45.1555 	EXP 	text2: autoDraw = False
45.7088 	EXP 	New trial (rep=0, index=3): {'condition': 'nonsalient', 'task': 'nogo', 'stim_file': '1nogo4.png'}
45.7237 	DATA 	Keypress: space
45.7407 	EXP 	image: autoDraw = False
45.7407 	EXP 	text2: autoDraw = False
45.7407 	EXP 	image: image = '1nogo4.png'
45.7407 	EXP 	text2: autoDraw = True
46.7264 	EXP 	image: autoDraw = True
46.7430 	EXP 	text2: autoDraw = False
48.7316 	EXP 	image: autoDraw = False
49.7197 	EXP 	New trial (rep=0, index=4): {'condition': 'nonsalient', 'task': 'go', 'stim_file': '1go2.png'}
49.7511 	EXP 	image: autoDraw = False
49.7511 	EXP 	text2: autoDraw = False
49.7511 	EXP 	image: image = '1go2.png'
49.7511 	EXP 	text2: autoDraw = True
50.7203 	EXP 	image: autoDraw = True
50.7538 	EXP 	text2: autoDraw = False
51.2240 	EXP 	New trial (rep=0, index=5): {'condition': 'salient', 'task': 'nogo', 'stim_file': '1nogov4.png'}
51.2432 	DATA 	Keypress: space
51.2553 	EXP 	image: autoDraw = False
51.2553 	EXP 	text2: autoDraw = False
51.2553 	EXP 	image: image = '1nogov4.png'
51.2553 	EXP 	text2: autoDraw = True
52.2413 	EXP 	image: autoDraw = True
52.2578 	EXP 	text2: autoDraw = False
54.2466 	EXP 	image: autoDraw = False
55.2341 	EXP 	New trial (rep=0, index=6): {'condition': 'nonsalient', 'task': 'go', 'stim_file': '1go4.png'}
55.2660 	EXP 	image: autoDraw = False
55.2660 	EXP 	text2: autoDraw = False
55.2660 	EXP 	image: image = '1go4.png'
55.2660 	EXP 	text2: autoDraw = True
56.2353 	EXP 	image: autoDraw = True
56.2685 	EXP 	text2: autoDraw = False
56.7380 	EXP 	New trial (rep=0, index=7): {'condition': 'nonsalient', 'task': 'nogo', 'stim_file': '1nogo.png'}
56.7529 	DATA 	Keypress: space
56.7698 	EXP 	image: autoDraw = False
56.7698 	EXP 	text2: autoDraw = False
56.7698 	EXP 	image: image = '1nogo.png'
56.7698 	EXP 	text2: autoDraw = True
57.7557 	EXP 	image: autoDraw = True
57.7726 	EXP 	text2: autoDraw = False
59.7613 	EXP 	image: autoDraw = False
60.7493 	EXP 	New trial (rep=0, index=8): {'condition': 'nonsalient', 'task': 'nogo', 'stim_file': '1nogo2.png'}
60.7806 	EXP 	image: autoDraw = False
60.7806 	EXP 	text2: autoDraw = False
60.7806 	EXP 	image: image = '1nogo2.png'
60.7806 	EXP 	text2: autoDraw = True
61.7498 	EXP 	image: autoDraw = True
61.7833 	EXP 	text2: autoDraw = False
63.7551 	EXP 	image: autoDraw = False
64.7434 	EXP 	New trial (rep=0, index=9): {'condition': 'nonsalient', 'task': 'go', 'stim_file': '1go.png'}
64.7745 	EXP 	image: autoDraw = False
64.7745 	EXP 	text2: autoDraw = False
64.7745 	EXP 	image: image = '1go.png'
64.7745 	EXP 	text2: autoDraw = True
65.7439 	EXP 	image: autoDraw = True
65.7773 	EXP 	text2: autoDraw = False
66.2629 	EXP 	New trial (rep=0, index=10): {'condition': 'nonsalient', 'task': 'go', 'stim_file': '1go3.png'}
66.2788 	DATA 	Keypress: space
66.2953 	EXP 	image: autoDraw = False
66.2953 	EXP 	text2: autoDraw = False
66.2953 	EXP 	image: image = '1go3.png'
66.2953 	EXP 	text2: autoDraw = True
67.2814 	EXP 	image: autoDraw = True
67.2979 	EXP 	text2: autoDraw = False
67.7515 	EXP 	New trial (rep=0, index=11): {'condition': 'salient', 'task': 'go', 'stim_file': '1gov1.png'}
67.7701 	DATA 	Keypress: space
67.7827 	EXP 	image: autoDraw = False
67.7827 	EXP 	text2: autoDraw = False
67.7827 	EXP 	image: image = '1gov1.png'
67.7827 	EXP 	text2: autoDraw = True
68.7518 	EXP 	image: autoDraw = True
68.7853 	EXP 	text2: autoDraw = False
69.2223 	EXP 	New trial (rep=0, index=12): {'condition': 'salient', 'task': 'go', 'stim_file': '1gov4.png'}
69.2410 	DATA 	Keypress: space
69.2533 	EXP 	image: autoDraw = False
69.2533 	EXP 	text2: autoDraw = False
69.2533 	EXP 	image: image = '1gov4.png'
69.2533 	EXP 	text2: autoDraw = True
70.2224 	EXP 	image: autoDraw = True
70.2558 	EXP 	text2: autoDraw = False
70.6259 	EXP 	New trial (rep=0, index=13): {'condition': 'salient', 'task': 'nogo', 'stim_file': '1nogov2.png'}
70.6442 	DATA 	Keypress: space
70.6555 	EXP 	image: autoDraw = False
70.6555 	EXP 	text2: autoDraw = False
70.6555 	EXP 	image: image = '1nogov2.png'
70.6555 	EXP 	text2: autoDraw = True
71.6264 	EXP 	image: autoDraw = True
71.6596 	EXP 	text2: autoDraw = False
73.6317 	EXP 	image: autoDraw = False
74.6198 	EXP 	New trial (rep=0, index=14): {'condition': 'salient', 'task': 'go', 'stim_file': '1gov2.png'}
74.6509 	EXP 	image: autoDraw = False
74.6509 	EXP 	text2: autoDraw = False
74.6509 	EXP 	image: image = '1gov2.png'
74.6509 	EXP 	text2: autoDraw = True
75.6201 	EXP 	image: autoDraw = True
75.6537 	EXP 	text2: autoDraw = False
76.0225 	EXP 	New trial (rep=0, index=15): {'condition': 'salient', 'task': 'nogo', 'stim_file': '1nogov1.png'}
76.0374 	DATA 	Keypress: space
76.0547 	EXP 	image: autoDraw = False
76.0547 	EXP 	text2: autoDraw = False
76.0547 	EXP 	image: image = '1nogov1.png'
76.0547 	EXP 	text2: autoDraw = True
77.0406 	EXP 	image: autoDraw = True
77.0575 	EXP 	text2: autoDraw = False
79.0460 	EXP 	image: autoDraw = False
80.0341 	EXP 	New trial (rep=0, index=16): {'condition': 'salient', 'task': 'go', 'stim_file': '1gov3.png'}
80.0653 	EXP 	image: autoDraw = False
80.0653 	EXP 	text2: autoDraw = False
80.0653 	EXP 	image: image = '1gov3.png'
80.0653 	EXP 	text2: autoDraw = True
81.0346 	EXP 	image: autoDraw = True
81.0683 	EXP 	text2: autoDraw = False
81.5531 	EXP 	New trial (rep=0, index=17): {'condition': 'salient', 'task': 'nogo', 'stim_file': '1nogov.png'}
81.5694 	DATA 	Keypress: space
81.5863 	EXP 	image: autoDraw = False
81.5863 	EXP 	text2: autoDraw = False
81.5863 	EXP 	image: image = '1nogov.png'
81.5863 	EXP 	text2: autoDraw = True
82.5722 	EXP 	image: autoDraw = True
82.5888 	EXP 	text2: autoDraw = False
84.5776 	EXP 	image: autoDraw = False
85.5655 	EXP 	New trial (rep=0, index=18): {'condition': 'salient', 'task': 'nogo', 'stim_file': '1nogov3.png'}
85.5968 	EXP 	image: autoDraw = False
85.5968 	EXP 	text2: autoDraw = False
85.5968 	EXP 	image: image = '1nogov3.png'
85.5968 	EXP 	text2: autoDraw = True
86.5827 	EXP 	image: autoDraw = True
86.5996 	EXP 	text2: autoDraw = False
88.5884 	EXP 	image: autoDraw = False
89.5761 	EXP 	New trial (rep=0, index=19): {'condition': 'nonsalient', 'task': 'nogo', 'stim_file': '1nogo3.png'}
89.6075 	EXP 	image: autoDraw = False
89.6075 	EXP 	text2: autoDraw = False
89.6075 	EXP 	image: image = '1nogo3.png'
89.6075 	EXP 	text2: autoDraw = True
90.5768 	EXP 	image: autoDraw = True
90.6100 	EXP 	text2: autoDraw = False
92.5821 	EXP 	image: autoDraw = False
93.5850 	EXP 	image: autoDraw = False
93.5850 	EXP 	text2: autoDraw = False
93.5850 	EXP 	text_3: autoDraw = True
101.0018 	EXP 	Imported circles.xlsx as conditions, 20 conditions, 3 params
101.0024 	EXP 	Created sequence: random, trialTypes=20, nReps=1, seed=None
101.0027 	EXP 	New trial (rep=0, index=0): {'condition': 'nonsalient', 'task': 'go', 'stim_file': '2go3.png'}
101.0207 	DATA 	Keypress: space
101.0382 	EXP 	text_3: autoDraw = False
101.0382 	EXP 	image_2: image = '2go3.png'
101.0382 	EXP 	text_2: autoDraw = True
102.0240 	EXP 	image_2: autoDraw = True
102.0409 	EXP 	text_2: autoDraw = False
102.4599 	EXP 	New trial (rep=0, index=1): {'condition': 'salient', 'task': 'nogo', 'stim_file': '2nogov1.png'}
102.4761 	DATA 	Keypress: space
102.4920 	EXP 	text_2: autoDraw = False
102.4920 	EXP 	image_2: autoDraw = False
102.4920 	EXP 	image_2: image = '2nogov1.png'
102.4920 	EXP 	text_2: autoDraw = True
103.4782 	EXP 	image_2: autoDraw = True
103.4947 	EXP 	text_2: autoDraw = False
105.4834 	EXP 	image_2: autoDraw = False
106.4713 	EXP 	New trial (rep=0, index=2): {'condition': 'salient', 'task': 'go', 'stim_file': '2gov3.png'}
106.5028 	EXP 	text_2: autoDraw = False
106.5028 	EXP 	image_2: autoDraw = False
106.5028 	EXP 	image_2: image = '2gov3.png'
106.5028 	EXP 	text_2: autoDraw = True
107.4886 	EXP 	image_2: autoDraw = True
107.5053 	EXP 	text_2: autoDraw = False
107.9756 	EXP 	New trial (rep=0, index=3): {'condition': 'nonsalient', 'task': 'nogo', 'stim_file': '2nogo3.png'}
107.9952 	DATA 	Keypress: space
108.0066 	EXP 	text_2: autoDraw = False
108.0066 	EXP 	image_2: autoDraw = False
108.0066 	EXP 	image_2: image = '2nogo3.png'
108.0066 	EXP 	text_2: autoDraw = True
108.9926 	EXP 	image_2: autoDraw = True
109.0093 	EXP 	text_2: autoDraw = False
110.9981 	EXP 	image_2: autoDraw = False
111.9858 	EXP 	New trial (rep=0, index=4): {'condition': 'salient', 'task': 'go', 'stim_file': '2gov2.png'}
112.0175 	EXP 	text_2: autoDraw = False
112.0175 	EXP 	image_2: autoDraw = False
112.0175 	EXP 	image_2: image = '2gov2.png'
112.0175 	EXP 	text_2: autoDraw = True
113.0033 	EXP 	image_2: autoDraw = True
113.0201 	EXP 	text_2: autoDraw = False
113.4547 	EXP 	New trial (rep=0, index=5): {'condition': 'nonsalient', 'task': 'go', 'stim_file': '2go4.png'}
113.4718 	DATA 	Keypress: space
113.4880 	EXP 	text_2: autoDraw = False
113.4880 	EXP 	image_2: autoDraw = False
113.4880 	EXP 	image_2: image = '2go4.png'
113.4880 	EXP 	text_2: autoDraw = True
114.4739 	EXP 	image_2: autoDraw = True
114.4906 	EXP 	text_2: autoDraw = False
115.0102 	EXP 	New trial (rep=0, index=6): {'condition': 'nonsalient', 'task': 'nogo', 'stim_file': '2nogo1.png'}
115.0272 	DATA 	Keypress: space
115.0422 	EXP 	text_2: autoDraw = False
115.0422 	EXP 	image_2: autoDraw = False
115.0422 	EXP 	image_2: image = '2nogo1.png'
115.0422 	EXP 	text_2: autoDraw = True
116.0281 	EXP 	image_2: autoDraw = True
116.0449 	EXP 	text_2: autoDraw = False
118.0336 	EXP 	image_2: autoDraw = False
119.0215 	EXP 	New trial (rep=0, index=7): {'condition': 'salient', 'task': 'go', 'stim_file': '2gov4.png'}
119.0529 	EXP 	text_2: autoDraw = False
119.0529 	EXP 	image_2: autoDraw = False
119.0529 	EXP 	image_2: image = '2gov4.png'
119.0529 	EXP 	text_2: autoDraw = True
120.0389 	EXP 	image_2: autoDraw = True
120.0556 	EXP 	text_2: autoDraw = False
120.5594 	EXP 	New trial (rep=0, index=8): {'condition': 'nonsalient', 'task': 'go', 'stim_file': '2go.png'}
120.5809 	DATA 	Keypress: space
120.5903 	EXP 	text_2: autoDraw = False
120.5903 	EXP 	image_2: autoDraw = False
120.5903 	EXP 	image_2: image = '2go.png'
120.5903 	EXP 	text_2: autoDraw = True
121.5763 	EXP 	image_2: autoDraw = True
121.5930 	EXP 	text_2: autoDraw = False
121.9623 	EXP 	New trial (rep=0, index=9): {'condition': 'salient', 'task': 'go', 'stim_file': '2gov.png'}
121.9786 	DATA 	Keypress: space
121.9941 	EXP 	text_2: autoDraw = False
121.9941 	EXP 	image_2: autoDraw = False
121.9941 	EXP 	image_2: image = '2gov.png'
121.9941 	EXP 	text_2: autoDraw = True
122.9799 	EXP 	image_2: autoDraw = True
122.9967 	EXP 	text_2: autoDraw = False
123.4002 	EXP 	New trial (rep=0, index=10): {'condition': 'nonsalient', 'task': 'nogo', 'stim_file': '2nogo4.png'}
123.4185 	DATA 	Keypress: space
123.4313 	EXP 	text_2: autoDraw = False
123.4313 	EXP 	image_2: autoDraw = False
123.4313 	EXP 	image_2: image = '2nogo4.png'
123.4313 	EXP 	text_2: autoDraw = True
124.4006 	EXP 	image_2: autoDraw = True
124.4339 	EXP 	text_2: autoDraw = False
126.4058 	EXP 	image_2: autoDraw = False
127.3940 	EXP 	New trial (rep=0, index=11): {'condition': 'nonsalient', 'task': 'nogo', 'stim_file': '2nogo2.png'}
127.4252 	EXP 	text_2: autoDraw = False
127.4252 	EXP 	image_2: autoDraw = False
127.4252 	EXP 	image_2: image = '2nogo2.png'
127.4252 	EXP 	text_2: autoDraw = True
128.3945 	EXP 	image_2: autoDraw = True
128.4280 	EXP 	text_2: autoDraw = False
130.3998 	EXP 	image_2: autoDraw = False
131.3879 	EXP 	New trial (rep=0, index=12): {'condition': 'salient', 'task': 'nogo', 'stim_file': '2nogov2.png'}
131.4193 	EXP 	text_2: autoDraw = False
131.4193 	EXP 	image_2: autoDraw = False
131.4193 	EXP 	image_2: image = '2nogov2.png'
131.4193 	EXP 	text_2: autoDraw = True
132.4051 	EXP 	image_2: autoDraw = True
132.4217 	EXP 	text_2: autoDraw = False
134.4106 	EXP 	image_2: autoDraw = False
135.3980 	EXP 	New trial (rep=0, index=13): {'condition': 'salient', 'task': 'nogo', 'stim_file': '2nogov.png'}
135.4300 	EXP 	text_2: autoDraw = False
135.4300 	EXP 	image_2: autoDraw = False
135.4300 	EXP 	image_2: image = '2nogov.png'
135.4300 	EXP 	text_2: autoDraw = True
136.4160 	EXP 	image_2: autoDraw = True
136.4327 	EXP 	text_2: autoDraw = False
138.4212 	EXP 	image_2: autoDraw = False
139.4093 	EXP 	New trial (rep=0, index=14): {'condition': 'nonsalient', 'task': 'nogo', 'stim_file': '2nogo.png'}
139.4407 	EXP 	text_2: autoDraw = False
139.4407 	EXP 	image_2: autoDraw = False
139.4407 	EXP 	image_2: image = '2nogo.png'
139.4407 	EXP 	text_2: autoDraw = True
140.4098 	EXP 	image_2: autoDraw = True
140.4435 	EXP 	text_2: autoDraw = False
142.4154 	EXP 	image_2: autoDraw = False
143.4032 	EXP 	New trial (rep=0, index=15): {'condition': 'salient', 'task': 'nogo', 'stim_file': '2nogov4.png'}
143.4348 	EXP 	text_2: autoDraw = False
143.4348 	EXP 	image_2: autoDraw = False
143.4348 	EXP 	image_2: image = '2nogov4.png'
143.4348 	EXP 	text_2: autoDraw = True
144.4206 	EXP 	image_2: autoDraw = True
144.4374 	EXP 	text_2: autoDraw = False
146.4260 	EXP 	image_2: autoDraw = False
147.4141 	EXP 	New trial (rep=0, index=16): {'condition': 'nonsalient', 'task': 'go', 'stim_file': '2go2.png'}
147.4453 	EXP 	text_2: autoDraw = False
147.4453 	EXP 	image_2: autoDraw = False
147.4453 	EXP 	image_2: image = '2go2.png'
147.4453 	EXP 	text_2: autoDraw = True
148.4146 	EXP 	image_2: autoDraw = True
148.4480 	EXP 	text_2: autoDraw = False
148.8683 	EXP 	New trial (rep=0, index=17): {'condition': 'salient', 'task': 'nogo', 'stim_file': '2nogov3.png'}
148.8914 	DATA 	Keypress: space
148.8981 	EXP 	text_2: autoDraw = False
148.8981 	EXP 	image_2: autoDraw = False
148.8981 	EXP 	image_2: image = '2nogov3.png'
148.8981 	EXP 	text_2: autoDraw = True
149.8852 	EXP 	image_2: autoDraw = True
149.9020 	EXP 	text_2: autoDraw = False
151.8906 	EXP 	image_2: autoDraw = False
152.8786 	EXP 	New trial (rep=0, index=18): {'condition': 'salient', 'task': 'go', 'stim_file': '2gov1.png'}
152.9100 	EXP 	text_2: autoDraw = False
152.9100 	EXP 	image_2: autoDraw = False
152.9100 	EXP 	image_2: image = '2gov1.png'
152.9100 	EXP 	text_2: autoDraw = True
153.8960 	EXP 	image_2: autoDraw = True
153.9125 	EXP 	text_2: autoDraw = False
154.3824 	EXP 	New trial (rep=0, index=19): {'condition': 'nonsalient', 'task': 'go', 'stim_file': '2go1.png'}
154.4064 	DATA 	Keypress: space
154.4139 	EXP 	text_2: autoDraw = False
154.4139 	EXP 	image_2: autoDraw = False
154.4139 	EXP 	image_2: image = '2go1.png'
154.4139 	EXP 	text_2: autoDraw = True
155.4000 	EXP 	image_2: autoDraw = True
155.4167 	EXP 	text_2: autoDraw = False
155.7748 	DATA 	Keypress: space
155.7837 	EXP 	text_2: autoDraw = False
155.7837 	EXP 	image_2: autoDraw = False
155.7837 	EXP 	text_6: autoDraw = True
170.3277 	EXP 	Imported yesno.xlsx as conditions, 40 conditions, 4 params
170.3283 	EXP 	Created sequence: random, trialTypes=40, nReps=1, seed=None
170.3287 	EXP 	New trial (rep=0, index=0): {'type': 'st', 'condition': 'salient', 'shape': 'circle', 'stim_file': '1nogov.png'}
170.3448 	DATA 	Keypress: space
170.3568 	EXP 	text_6: autoDraw = False
170.3568 	EXP 	image_3: image = '1nogov.png'
170.3568 	EXP 	text_4: autoDraw = True
171.3426 	EXP 	image_3: autoDraw = True
171.3592 	EXP 	text_4: autoDraw = False
172.7823 	DATA 	Keypress: left
173.3310 	EXP 	text_5: autoDraw = True
173.3481 	EXP 	image_3: autoDraw = False
176.7284 	DATA 	Keypress: left
176.7448 	EXP 	New trial (rep=0, index=1): {'type': 'st', 'condition': 'salient', 'shape': 'circle', 'stim_file': '1nogov4.png'}
176.7731 	EXP 	text_4: autoDraw = False
176.7731 	EXP 	image_3: autoDraw = False
176.7731 	EXP 	text_5: autoDraw = False
176.7731 	EXP 	image_3: image = '1nogov4.png'
176.7731 	EXP 	text_4: autoDraw = True
177.7596 	EXP 	image_3: autoDraw = True
177.7762 	EXP 	text_4: autoDraw = False
178.4312 	DATA 	Keypress: right
179.7477 	EXP 	text_5: autoDraw = True
179.7651 	EXP 	image_3: autoDraw = False
181.5049 	EXP 	New trial (rep=0, index=2): {'type': 'nonst', 'condition': 'salient', 'shape': 'circle', 'stim_file': 'nonstcv1.png'}
181.5207 	DATA 	Keypress: right
181.5365 	EXP 	text_4: autoDraw = False
181.5365 	EXP 	image_3: autoDraw = False
181.5365 	EXP 	text_5: autoDraw = False
181.5365 	EXP 	image_3: image = 'nonstcv1.png'
181.5365 	EXP 	text_4: autoDraw = True
182.5223 	EXP 	image_3: autoDraw = True
182.5391 	EXP 	text_4: autoDraw = False
184.5277 	EXP 	image_3: autoDraw = False
184.5277 	EXP 	text_5: autoDraw = True
185.8508 	EXP 	New trial (rep=0, index=3): {'type': 'nonst', 'condition': 'nonsalient', 'shape': 'rectangle', 'stim_file': 'nonstr4.png'}
185.8712 	DATA 	Keypress: left
185.8814 	EXP 	text_4: autoDraw = False
185.8814 	EXP 	image_3: autoDraw = False
185.8814 	EXP 	text_5: autoDraw = False
185.8814 	EXP 	image_3: image = 'nonstr4.png'
185.8814 	EXP 	text_4: autoDraw = True
186.8673 	EXP 	image_3: autoDraw = True
186.8842 	EXP 	text_4: autoDraw = False
188.8560 	EXP 	text_5: autoDraw = True
188.8727 	EXP 	image_3: autoDraw = False
189.8088 	EXP 	New trial (rep=0, index=4): {'type': 'nonst', 'condition': 'nonsalient', 'shape': 'rectangle', 'stim_file': 'nonstr3.png'}
189.8224 	DATA 	Keypress: left
189.8419 	EXP 	text_4: autoDraw = False
189.8419 	EXP 	image_3: autoDraw = False
189.8419 	EXP 	text_5: autoDraw = False
189.8419 	EXP 	image_3: image = 'nonstr3.png'
189.8419 	EXP 	text_4: autoDraw = True
190.8279 	EXP 	image_3: autoDraw = True
190.8447 	EXP 	text_4: autoDraw = False
192.8165 	EXP 	text_5: autoDraw = True
192.8332 	EXP 	image_3: autoDraw = False
193.4377 	EXP 	New trial (rep=0, index=5): {'type': 'st', 'condition': 'nonsalient', 'shape': 'rectangle', 'stim_file': '1go.png'}
193.4558 	DATA 	Keypress: right
193.4685 	EXP 	text_4: autoDraw = False
193.4685 	EXP 	image_3: autoDraw = False
193.4685 	EXP 	text_5: autoDraw = False
193.4685 	EXP 	image_3: image = '1go.png'
193.4685 	EXP 	text_4: autoDraw = True
194.4376 	EXP 	image_3: autoDraw = True
194.4710 	EXP 	text_4: autoDraw = False
196.4428 	EXP 	image_3: autoDraw = False
196.4428 	EXP 	text_5: autoDraw = True
197.1994 	DATA 	Keypress: right
197.2145 	EXP 	New trial (rep=0, index=6): {'type': 'st', 'condition': 'nonsalient', 'shape': 'rectangle', 'stim_file': '1go2.png'}
197.2451 	EXP 	text_4: autoDraw = False
197.2451 	EXP 	image_3: autoDraw = False
197.2451 	EXP 	text_5: autoDraw = False
197.2451 	EXP 	image_3: image = '1go2.png'
197.2451 	EXP 	text_4: autoDraw = True
198.2143 	EXP 	image_3: autoDraw = True
198.2478 	EXP 	text_4: autoDraw = False
200.2196 	EXP 	image_3: autoDraw = False
200.2196 	EXP 	text_5: autoDraw = True
202.6275 	EXP 	New trial (rep=0, index=7): {'type': 'nonst', 'condition': 'salient', 'shape': 'circle', 'stim_file': 'nonstcv2.png'}
202.6423 	DATA 	Keypress: right
202.6595 	EXP 	text_4: autoDraw = False
202.6595 	EXP 	image_3: autoDraw = False
202.6595 	EXP 	text_5: autoDraw = False
202.6595 	EXP 	image_3: image = 'nonstcv2.png'
202.6595 	EXP 	text_4: autoDraw = True
203.6454 	EXP 	image_3: autoDraw = True
203.6624 	EXP 	text_4: autoDraw = False
205.6508 	EXP 	image_3: autoDraw = False
205.6508 	EXP 	text_5: autoDraw = True
206.1366 	EXP 	New trial (rep=0, index=8): {'type': 'nonst', 'condition': 'nonsalient', 'shape': 'rectangle', 'stim_file': 'nonstr2.png'}
206.1506 	DATA 	Keypress: left
206.1688 	EXP 	text_4: autoDraw = False
206.1688 	EXP 	image_3: autoDraw = False
206.1688 	EXP 	text_5: autoDraw = False
206.1688 	EXP 	image_3: image = 'nonstr2.png'
206.1688 	EXP 	text_4: autoDraw = True
207.1547 	EXP 	image_3: autoDraw = True
207.1715 	EXP 	text_4: autoDraw = False
209.1434 	EXP 	text_5: autoDraw = True
209.1603 	EXP 	image_3: autoDraw = False
209.4653 	DATA 	Keypress: left
209.4806 	EXP 	New trial (rep=0, index=9): {'type': 'st', 'condition': 'salient', 'shape': 'rectangle', 'stim_file': '1gov2.png'}
209.5114 	EXP 	text_4: autoDraw = False
209.5114 	EXP 	image_3: autoDraw = False
209.5114 	EXP 	text_5: autoDraw = False
209.5114 	EXP 	image_3: image = '1gov2.png'
209.5114 	EXP 	text_4: autoDraw = True
210.4805 	EXP 	image_3: autoDraw = True
210.5138 	EXP 	text_4: autoDraw = False
212.4857 	EXP 	image_3: autoDraw = False
212.4857 	EXP 	text_5: autoDraw = True
212.8873 	EXP 	New trial (rep=0, index=10): {'type': 'nonst', 'condition': 'salient', 'shape': 'rectangle', 'stim_file': 'nonstrv1.png'}
212.9009 	DATA 	Keypress: left
212.9202 	EXP 	text_4: autoDraw = False
212.9202 	EXP 	image_3: autoDraw = False
212.9202 	EXP 	text_5: autoDraw = False
212.9202 	EXP 	image_3: image = 'nonstrv1.png'
212.9202 	EXP 	text_4: autoDraw = True
213.9063 	EXP 	image_3: autoDraw = True
213.9231 	EXP 	text_4: autoDraw = False
215.8949 	EXP 	text_5: autoDraw = True
215.9115 	EXP 	image_3: autoDraw = False
216.4475 	EXP 	New trial (rep=0, index=11): {'type': 'nonst', 'condition': 'salient', 'shape': 'rectangle', 'stim_file': 'nonstrv.png'}
216.4614 	DATA 	Keypress: left
216.4799 	EXP 	text_4: autoDraw = False
216.4799 	EXP 	image_3: autoDraw = False
216.4799 	EXP 	text_5: autoDraw = False
216.4799 	EXP 	image_3: image = 'nonstrv.png'
216.4799 	EXP 	text_4: autoDraw = True
217.4658 	EXP 	image_3: autoDraw = True
217.4824 	EXP 	text_4: autoDraw = False
219.4711 	EXP 	image_3: autoDraw = False
219.4711 	EXP 	text_5: autoDraw = True
219.8749 	EXP 	New trial (rep=0, index=12): {'type': 'st', 'condition': 'nonsalient', 'shape': 'circle', 'stim_file': '1nogo1.png'}
219.8932 	DATA 	Keypress: left
219.9057 	EXP 	text_4: autoDraw = False
219.9057 	EXP 	image_3: autoDraw = False
219.9057 	EXP 	text_5: autoDraw = False
219.9057 	EXP 	image_3: image = '1nogo1.png'
219.9057 	EXP 	text_4: autoDraw = True
220.8917 	EXP 	image_3: autoDraw = True
220.9082 	EXP 	text_4: autoDraw = False
222.8801 	EXP 	text_5: autoDraw = True
222.8969 	EXP 	image_3: autoDraw = False
223.3654 	EXP 	New trial (rep=0, index=13): {'type': 'st', 'condition': 'salient', 'shape': 'circle', 'stim_file': '1nogov2.png'}
223.3795 	DATA 	Keypress: right
223.3982 	EXP 	text_4: autoDraw = False
223.3982 	EXP 	image_3: autoDraw = False
223.3982 	EXP 	text_5: autoDraw = False
223.3982 	EXP 	image_3: image = '1nogov2.png'
223.3982 	EXP 	text_4: autoDraw = True
224.3842 	EXP 	image_3: autoDraw = True
224.4009 	EXP 	text_4: autoDraw = False
226.3730 	EXP 	text_5: autoDraw = True
226.3897 	EXP 	image_3: autoDraw = False
226.6598 	EXP 	New trial (rep=0, index=14): {'type': 'st', 'condition': 'salient', 'shape': 'rectangle', 'stim_file': '1gov3.png'}
226.6761 	DATA 	Keypress: right
226.6902 	EXP 	text_4: autoDraw = False
226.6902 	EXP 	image_3: autoDraw = False
226.6902 	EXP 	text_5: autoDraw = False
226.6902 	EXP 	image_3: image = '1gov3.png'
226.6902 	EXP 	text_4: autoDraw = True
227.6581 	EXP 	image_3: autoDraw = True
227.6931 	EXP 	text_4: autoDraw = False
229.6649 	EXP 	image_3: autoDraw = False
229.6649 	EXP 	text_5: autoDraw = True
230.0663 	EXP 	New trial (rep=0, index=15): {'type': 'nonst', 'condition': 'salient', 'shape': 'circle', 'stim_file': 'nonstcv4.png'}
230.0806 	DATA 	Keypress: left
230.0996 	EXP 	text_4: autoDraw = False
230.0996 	EXP 	image_3: autoDraw = False
230.0996 	EXP 	text_5: autoDraw = False
230.0996 	EXP 	image_3: image = 'nonstcv4.png'
230.0996 	EXP 	text_4: autoDraw = True
231.0856 	EXP 	image_3: autoDraw = True
231.1022 	EXP 	text_4: autoDraw = False
232.2914 	DATA 	Keypress: left
233.0741 	EXP 	text_5: autoDraw = True
233.0909 	EXP 	image_3: autoDraw = False
233.5276 	EXP 	New trial (rep=0, index=16): {'type': 'nonst', 'condition': 'salient', 'shape': 'rectangle', 'stim_file': 'nonstrv2.png'}
233.5415 	DATA 	Keypress: left
233.5587 	EXP 	text_4: autoDraw = False
233.5587 	EXP 	image_3: autoDraw = False
233.5587 	EXP 	text_5: autoDraw = False
233.5587 	EXP 	image_3: image = 'nonstrv2.png'
233.5587 	EXP 	text_4: autoDraw = True
234.5447 	EXP 	image_3: autoDraw = True
234.5615 	EXP 	text_4: autoDraw = False
236.5498 	EXP 	image_3: autoDraw = False
236.5498 	EXP 	text_5: autoDraw = True
237.8547 	EXP 	New trial (rep=0, index=17): {'type': 'st', 'condition': 'nonsalient', 'shape': 'circle', 'stim_file': '1nogo2.png'}
237.8689 	DATA 	Keypress: right
237.8870 	EXP 	text_4: autoDraw = False
237.8870 	EXP 	image_3: autoDraw = False
237.8870 	EXP 	text_5: autoDraw = False
237.8870 	EXP 	image_3: image = '1nogo2.png'
237.8870 	EXP 	text_4: autoDraw = True
238.8730 	EXP 	image_3: autoDraw = True
238.8897 	EXP 	text_4: autoDraw = False
240.8783 	EXP 	image_3: autoDraw = False
240.8783 	EXP 	text_5: autoDraw = True
241.5820 	EXP 	New trial (rep=0, index=18): {'type': 'nonst', 'condition': 'salient', 'shape': 'rectangle', 'stim_file': 'nonstrv3.png'}
241.5963 	DATA 	Keypress: left
241.6136 	EXP 	text_4: autoDraw = False
241.6136 	EXP 	image_3: autoDraw = False
241.6136 	EXP 	text_5: autoDraw = False
241.6136 	EXP 	image_3: image = 'nonstrv3.png'
241.6136 	EXP 	text_4: autoDraw = True
242.5995 	EXP 	image_3: autoDraw = True
242.6163 	EXP 	text_4: autoDraw = False
244.6049 	EXP 	image_3: autoDraw = False
244.6049 	EXP 	text_5: autoDraw = True
245.3921 	EXP 	New trial (rep=0, index=19): {'type': 'st', 'condition': 'salient', 'shape': 'rectangle', 'stim_file': '1gov1.png'}
245.4074 	DATA 	Keypress: left
245.4237 	EXP 	text_4: autoDraw = False
245.4237 	EXP 	image_3: autoDraw = False
245.4237 	EXP 	text_5: autoDraw = False
245.4237 	EXP 	image_3: image = '1gov1.png'
245.4237 	EXP 	text_4: autoDraw = True
246.4097 	EXP 	image_3: autoDraw = True
246.4263 	EXP 	text_4: autoDraw = False
248.4150 	EXP 	image_3: autoDraw = False
248.4150 	EXP 	text_5: autoDraw = True
251.4417 	EXP 	New trial (rep=0, index=20): {'type': 'st', 'condition': 'salient', 'shape': 'circle', 'stim_file': '1nogov3.png'}
251.4565 	DATA 	Keypress: right
251.4733 	EXP 	text_4: autoDraw = False
251.4733 	EXP 	image_3: autoDraw = False
251.4733 	EXP 	text_5: autoDraw = False
251.4733 	EXP 	image_3: image = '1nogov3.png'
251.4733 	EXP 	text_4: autoDraw = True
252.4591 	EXP 	image_3: autoDraw = True
252.4759 	EXP 	text_4: autoDraw = False
254.4647 	EXP 	image_3: autoDraw = False
254.4647 	EXP 	text_5: autoDraw = True
258.4611 	EXP 	New trial (rep=0, index=21): {'type': 'nonst', 'condition': 'nonsalient', 'shape': 'rectangle', 'stim_file': 'nonstr1.png'}
258.4922 	EXP 	text_5: autoDraw = False
258.4922 	EXP 	text_4: autoDraw = False
258.4922 	EXP 	image_3: autoDraw = False
258.4922 	EXP 	text_5: autoDraw = False
258.4922 	EXP 	image_3: image = 'nonstr1.png'
258.4922 	EXP 	text_4: autoDraw = True
258.5453 	DATA 	Keypress: left
259.4612 	EXP 	image_3: autoDraw = True
259.4946 	EXP 	text_4: autoDraw = False
261.4665 	EXP 	image_3: autoDraw = False
261.4665 	EXP 	text_5: autoDraw = True
262.0032 	EXP 	New trial (rep=0, index=22): {'type': 'nonst', 'condition': 'nonsalient', 'shape': 'circle', 'stim_file': 'nonstc3.png'}
262.0181 	DATA 	Keypress: left
262.0347 	EXP 	text_4: autoDraw = False
262.0347 	EXP 	image_3: autoDraw = False
262.0347 	EXP 	text_5: autoDraw = False
262.0347 	EXP 	image_3: image = 'nonstc3.png'
262.0347 	EXP 	text_4: autoDraw = True
263.0208 	EXP 	image_3: autoDraw = True
263.0375 	EXP 	text_4: autoDraw = False
265.0260 	EXP 	image_3: autoDraw = False
265.0260 	EXP 	text_5: autoDraw = True
265.4793 	EXP 	New trial (rep=0, index=23): {'type': 'st', 'condition': 'salient', 'shape': 'circle', 'stim_file': '1nogov1.png'}
265.4950 	DATA 	Keypress: left
265.5108 	EXP 	text_4: autoDraw = False
265.5108 	EXP 	image_3: autoDraw = False
265.5108 	EXP 	text_5: autoDraw = False
265.5108 	EXP 	image_3: image = '1nogov1.png'
265.5108 	EXP 	text_4: autoDraw = True
266.4967 	EXP 	image_3: autoDraw = True
266.5135 	EXP 	text_4: autoDraw = False
268.5020 	EXP 	image_3: autoDraw = False
268.5020 	EXP 	text_5: autoDraw = True
269.0039 	EXP 	New trial (rep=0, index=24): {'type': 'nonst', 'condition': 'salient', 'shape': 'circle', 'stim_file': 'nonstcv.png'}
269.0197 	DATA 	Keypress: left
269.0368 	EXP 	text_4: autoDraw = False
269.0368 	EXP 	image_3: autoDraw = False
269.0368 	EXP 	text_5: autoDraw = False
269.0368 	EXP 	image_3: image = 'nonstcv.png'
269.0368 	EXP 	text_4: autoDraw = True
270.0228 	EXP 	image_3: autoDraw = True
270.0394 	EXP 	text_4: autoDraw = False
272.0281 	EXP 	image_3: autoDraw = False
272.0281 	EXP 	text_5: autoDraw = True
272.3164 	DATA 	Keypress: right
272.3307 	EXP 	New trial (rep=0, index=25): {'type': 'st', 'condition': 'nonsalient', 'shape': 'circle', 'stim_file': '1nogo3.png'}
272.3624 	EXP 	text_4: autoDraw = False
272.3624 	EXP 	image_3: autoDraw = False
272.3624 	EXP 	text_5: autoDraw = False
272.3624 	EXP 	image_3: image = '1nogo3.png'
272.3624 	EXP 	text_4: autoDraw = True
273.3483 	EXP 	image_3: autoDraw = True
273.3650 	EXP 	text_4: autoDraw = False
275.3535 	EXP 	image_3: autoDraw = False
275.3535 	EXP 	text_5: autoDraw = True
276.0582 	EXP 	New trial (rep=0, index=26): {'type': 'nonst', 'condition': 'salient', 'shape': 'rectangle', 'stim_file': 'nonstrv4.png'}
276.0771 	DATA 	Keypress: left
276.0889 	EXP 	text_4: autoDraw = False
276.0889 	EXP 	image_3: autoDraw = False
276.0889 	EXP 	text_5: autoDraw = False
276.0889 	EXP 	image_3: image = 'nonstrv4.png'
276.0889 	EXP 	text_4: autoDraw = True
277.0748 	EXP 	image_3: autoDraw = True
277.0916 	EXP 	text_4: autoDraw = False
279.0631 	EXP 	text_5: autoDraw = True
279.0801 	EXP 	image_3: autoDraw = False
279.5819 	EXP 	New trial (rep=0, index=27): {'type': 'st', 'condition': 'salient', 'shape': 'rectangle', 'stim_file': '1gov.png'}
279.5969 	DATA 	Keypress: left
279.6151 	EXP 	text_4: autoDraw = False
279.6151 	EXP 	image_3: autoDraw = False
279.6151 	EXP 	text_5: autoDraw = False
279.6151 	EXP 	image_3: image = '1gov.png'
279.6151 	EXP 	text_4: autoDraw = True
280.6010 	EXP 	image_3: autoDraw = True
280.6177 	EXP 	text_4: autoDraw = False
282.6064 	EXP 	image_3: autoDraw = False
282.6064 	EXP 	text_5: autoDraw = True
283.2275 	EXP 	New trial (rep=0, index=28): {'type': 'nonst', 'condition': 'nonsalient', 'shape': 'circle', 'stim_file': 'nonstc1.png'}
283.2419 	DATA 	Keypress: right
283.2581 	EXP 	text_4: autoDraw = False
283.2581 	EXP 	image_3: autoDraw = False
283.2581 	EXP 	text_5: autoDraw = False
283.2581 	EXP 	image_3: image = 'nonstc1.png'
283.2581 	EXP 	text_4: autoDraw = True
284.2440 	EXP 	image_3: autoDraw = True
284.2609 	EXP 	text_4: autoDraw = False
286.2494 	EXP 	image_3: autoDraw = False
286.2494 	EXP 	text_5: autoDraw = True
288.4935 	DATA 	Keypress: left
288.5082 	EXP 	New trial (rep=0, index=29): {'type': 'st', 'condition': 'nonsalient', 'shape': 'circle', 'stim_file': '1nogo4.png'}
288.5387 	EXP 	text_4: autoDraw = False
288.5387 	EXP 	image_3: autoDraw = False
288.5387 	EXP 	text_5: autoDraw = False
288.5387 	EXP 	image_3: image = '1nogo4.png'
288.5387 	EXP 	text_4: autoDraw = True
289.5081 	EXP 	image_3: autoDraw = True
289.5414 	EXP 	text_4: autoDraw = False
291.5135 	EXP 	image_3: autoDraw = False
291.5135 	EXP 	text_5: autoDraw = True
292.1505 	EXP 	New trial (rep=0, index=30): {'type': 'st', 'condition': 'nonsalient', 'shape': 'rectangle', 'stim_file': '1go4.png'}
292.1644 	DATA 	Keypress: right
292.1819 	EXP 	text_4: autoDraw = False
292.1819 	EXP 	image_3: autoDraw = False
292.1819 	EXP 	text_5: autoDraw = False
292.1819 	EXP 	image_3: image = '1go4.png'
292.1819 	EXP 	text_4: autoDraw = True
293.1680 	EXP 	image_3: autoDraw = True
293.1845 	EXP 	text_4: autoDraw = False
295.1733 	EXP 	image_3: autoDraw = False
295.1733 	EXP 	text_5: autoDraw = True
296.4605 	EXP 	New trial (rep=0, index=31): {'type': 'st', 'condition': 'nonsalient', 'shape': 'rectangle', 'stim_file': '1go1.png'}
296.4741 	DATA 	Keypress: right
296.4935 	EXP 	text_4: autoDraw = False
296.4935 	EXP 	image_3: autoDraw = False
296.4935 	EXP 	text_5: autoDraw = False
296.4935 	EXP 	image_3: image = '1go1.png'
296.4935 	EXP 	text_4: autoDraw = True
297.4794 	EXP 	image_3: autoDraw = True
297.4963 	EXP 	text_4: autoDraw = False
299.4680 	EXP 	text_5: autoDraw = True
299.4849 	EXP 	image_3: autoDraw = False
300.0203 	EXP 	New trial (rep=0, index=32): {'type': 'nonst', 'condition': 'nonsalient', 'shape': 'circle', 'stim_file': 'nonstc2.png'}
300.0345 	DATA 	Keypress: right
300.0530 	EXP 	text_4: autoDraw = False
300.0530 	EXP 	image_3: autoDraw = False
300.0530 	EXP 	text_5: autoDraw = False
300.0530 	EXP 	image_3: image = 'nonstc2.png'
300.0530 	EXP 	text_4: autoDraw = True
301.0389 	EXP 	image_3: autoDraw = True
301.0557 	EXP 	text_4: autoDraw = False
303.0275 	EXP 	text_5: autoDraw = True
303.0443 	EXP 	image_3: autoDraw = False
303.5476 	EXP 	New trial (rep=0, index=33): {'type': 'nonst', 'condition': 'salient', 'shape': 'circle', 'stim_file': 'nonstcv3.png'}
303.5615 	DATA 	Keypress: right
303.5792 	EXP 	text_4: autoDraw = False
303.5792 	EXP 	image_3: autoDraw = False
303.5792 	EXP 	text_5: autoDraw = False
303.5792 	EXP 	image_3: image = 'nonstcv3.png'
303.5792 	EXP 	text_4: autoDraw = True
304.5651 	EXP 	image_3: autoDraw = True
304.5816 	EXP 	text_4: autoDraw = False
306.5707 	EXP 	image_3: autoDraw = False
306.5707 	EXP 	text_5: autoDraw = True
307.1062 	EXP 	New trial (rep=0, index=34): {'type': 'nonst', 'condition': 'nonsalient', 'shape': 'circle', 'stim_file': 'nonstc4.png'}
307.1206 	DATA 	Keypress: left
307.1385 	EXP 	text_4: autoDraw = False
307.1385 	EXP 	image_3: autoDraw = False
307.1385 	EXP 	text_5: autoDraw = False
307.1385 	EXP 	image_3: image = 'nonstc4.png'
307.1385 	EXP 	text_4: autoDraw = True
308.1246 	EXP 	image_3: autoDraw = True
308.1412 	EXP 	text_4: autoDraw = False
310.1300 	EXP 	image_3: autoDraw = False
310.1300 	EXP 	text_5: autoDraw = True
310.4160 	EXP 	New trial (rep=0, index=35): {'type': 'st', 'condition': 'nonsalient', 'shape': 'circle', 'stim_file': '1nogo.png'}
310.4310 	DATA 	Keypress: left
310.4475 	EXP 	text_4: autoDraw = False
310.4475 	EXP 	image_3: autoDraw = False
310.4475 	EXP 	text_5: autoDraw = False
310.4475 	EXP 	image_3: image = '1nogo.png'
310.4475 	EXP 	text_4: autoDraw = True
311.4333 	EXP 	image_3: autoDraw = True
311.4502 	EXP 	text_4: autoDraw = False
313.4387 	EXP 	image_3: autoDraw = False
313.4387 	EXP 	text_5: autoDraw = True
315.2647 	DATA 	Keypress: left
315.2800 	EXP 	New trial (rep=0, index=36): {'type': 'nonst', 'condition': 'nonsalient', 'shape': 'rectangle', 'stim_file': 'nonstr.png'}
315.3105 	EXP 	text_4: autoDraw = False
315.3105 	EXP 	image_3: autoDraw = False
315.3105 	EXP 	text_5: autoDraw = False
315.3105 	EXP 	image_3: image = 'nonstr.png'
315.3105 	EXP 	text_4: autoDraw = True
316.2797 	EXP 	image_3: autoDraw = True
316.3133 	EXP 	text_4: autoDraw = False
318.2852 	EXP 	image_3: autoDraw = False
318.2852 	EXP 	text_5: autoDraw = True
318.6540 	EXP 	New trial (rep=0, index=37): {'type': 'st', 'condition': 'salient', 'shape': 'rectangle', 'stim_file': '1gov4.png'}
318.6685 	DATA 	Keypress: right
318.6861 	EXP 	text_4: autoDraw = False
318.6861 	EXP 	image_3: autoDraw = False
318.6861 	EXP 	text_5: autoDraw = False
318.6861 	EXP 	image_3: image = '1gov4.png'
318.6861 	EXP 	text_4: autoDraw = True
319.6719 	EXP 	image_3: autoDraw = True
319.6888 	EXP 	text_4: autoDraw = False
321.6775 	EXP 	image_3: autoDraw = False
321.6775 	EXP 	text_5: autoDraw = True
322.1958 	EXP 	New trial (rep=0, index=38): {'type': 'nonst', 'condition': 'nonsalient', 'shape': 'circle', 'stim_file': 'nonstc.png'}
322.2102 	DATA 	Keypress: right
322.2288 	EXP 	text_4: autoDraw = False
322.2288 	EXP 	image_3: autoDraw = False
322.2288 	EXP 	text_5: autoDraw = False
322.2288 	EXP 	image_3: image = 'nonstc.png'
322.2288 	EXP 	text_4: autoDraw = True
323.2148 	EXP 	image_3: autoDraw = True
323.2315 	EXP 	text_4: autoDraw = False
325.2036 	EXP 	text_5: autoDraw = True
325.2203 	EXP 	image_3: autoDraw = False
326.3917 	EXP 	New trial (rep=0, index=39): {'type': 'st', 'condition': 'nonsalient', 'shape': 'rectangle', 'stim_file': '1go3.png'}
326.4080 	DATA 	Keypress: left
326.4234 	EXP 	text_4: autoDraw = False
326.4234 	EXP 	image_3: autoDraw = False
326.4234 	EXP 	text_5: autoDraw = False
326.4234 	EXP 	image_3: image = '1go3.png'
326.4234 	EXP 	text_4: autoDraw = True
327.4094 	EXP 	image_3: autoDraw = True
327.4260 	EXP 	text_4: autoDraw = False
329.4149 	EXP 	image_3: autoDraw = False
329.4149 	EXP 	text_5: autoDraw = True
329.9509 	DATA 	Keypress: right
329.9662 	EXP 	text_4: autoDraw = False
329.9662 	EXP 	image_3: autoDraw = False
329.9662 	EXP 	text_5: autoDraw = False
330.2745 	EXP 	window1: mouseVisible = True
