1.3251 	WARNING 	We strongly recommend you activate the PTB sound engine in PsychoPy prefs as the preferred audio engine. Its timing is vastly superior. Your prefs are currently set to use ['sounddevice', 'PTB', 'pyo', 'pygame'] (in that order).
9.1293 	WARNING 	User requested fullscreen with size [1024  768], but screen is actually [1440, 900]. Using actual size
9.8417 	EXP 	Created window1 = Window(allowGUI=False, allowStencil=False, autoLog=True, backendConf=UNKNOWN, bitsMode=UNKNOWN, blendMode='avg', bpc=(8, 8, 8), color=array([0, 0, 0]), colorSpace='rgb', depthBits=8, fullscr=<method-wrapper '__getattribute__' of attributeSetter object at 0x7fd4e14929e8>, gamma=None, gammaErrorPolicy='raise', lms=UNKNOWN, monitor=<psychopy.monitors.calibTools.Monitor object at 0x7fd4fdfaaf60>, multiSample=False, name='window1', numSamples=2, pos=[0.0, 0.0], screen=0, size=array([1440,  900]), stencilBits=0, stereo=False, units='height', useFBO=True, useRetina=False, viewOri=0.0, viewPos=None, viewScale=None, waitBlanking=True, winType='pyglet')
9.8421 	EXP 	window1: mouseVisible = True
9.8421 	EXP 	window1: recordFrameIntervals = False
10.0078 	EXP 	window1: recordFrameIntervals = True
10.1921 	EXP 	window1: recordFrameIntervals = False
11.8020 	EXP 	Created text = TextStim(__class__=<class 'psychopy.visual.text.TextStim'>, alignHoriz=method-wrapper(...), alignText='center', alignVert=method-wrapper(...), anchorHoriz='center', anchorVert='center', antialias=True, autoLog=True, bold=False, color=array([1., 1., 1.]), colorSpace='rgb', contrast=1.0, depth=0.0, flipHoriz=False, flipVert=False, font='Open Sans', fontFiles=[], height=0.08, italic=False, languageStyle='LTR', name='text', opacity=1, ori=0.0, pos=array([0., 0.]), rgb=UNKNOWN, text=str(...), units='height', win=Window(...), wrapWidth=1)
12.0208 	EXP 	Created image = ImageStim(__class__=<class 'psychopy.visual.image.ImageStim'>, autoLog=True, color=array([1., 1., 1.]), colorSpace='rgb', contrast=1.0, depth=0.0, flipHoriz=False, flipVert=False, image='sin', interpolate=True, mask=None, maskParams=None, name='image', opacity=1, ori=0.0, pos=array([0., 0.]), size=array([0.5, 0.5]), texRes=128.0, units='height', win=Window(...))
12.0273 	EXP 	Created text2 = TextStim(__class__=<class 'psychopy.visual.text.TextStim'>, alignHoriz=method-wrapper(...), alignText='center', alignVert=method-wrapper(...), anchorHoriz='center', anchorVert='center', antialias=True, autoLog=True, bold=False, color=array([1., 1., 1.]), colorSpace='rgb', contrast=1.0, depth=-1.0, flipHoriz=False, flipVert=False, font='Open Sans', fontFiles=[], height=0.1, italic=False, languageStyle='LTR', name='text2', opacity=1, ori=0.0, pos=array([0., 0.]), rgb=UNKNOWN, text='+', units='height', win=Window(...), wrapWidth=1)
12.2528 	EXP 	Created text_3 = TextStim(__class__=<class 'psychopy.visual.text.TextStim'>, alignHoriz=method-wrapper(...), alignText='center', alignVert=method-wrapper(...), anchorHoriz='center', anchorVert='center', antialias=True, autoLog=True, bold=False, color=array([1., 1., 1.]), colorSpace='rgb', contrast=1.0, depth=0.0, flipHoriz=False, flipVert=False, font='Open Sans', fontFiles=[], height=0.08, italic=False, languageStyle='LTR', name='text_3', opacity=1, ori=0.0, pos=array([0., 0.]), rgb=UNKNOWN, text=str(...), units='height', win=Window(...), wrapWidth=1)
12.4586 	EXP 	Created text_2 = TextStim(__class__=<class 'psychopy.visual.text.TextStim'>, alignHoriz=method-wrapper(...), alignText='center', alignVert=method-wrapper(...), anchorHoriz='center', anchorVert='center', antialias=True, autoLog=True, bold=False, color=array([1., 1., 1.]), colorSpace='rgb', contrast=1.0, depth=0.0, flipHoriz=False, flipVert=False, font='Open Sans', fontFiles=[], height=0.1, italic=False, languageStyle='LTR', name='text_2', opacity=1, ori=0.0, pos=array([0., 0.]), rgb=UNKNOWN, text='+', units='height', win=Window(...), wrapWidth=1)
12.4642 	EXP 	Created image_2 = ImageStim(__class__=<class 'psychopy.visual.image.ImageStim'>, autoLog=True, color=array([1., 1., 1.]), colorSpace='rgb', contrast=1.0, depth=-1.0, flipHoriz=False, flipVert=False, image='sin', interpolate=True, mask=None, maskParams=None, name='image_2', opacity=1, ori=0.0, pos=array([0., 0.]), size=array([0.5, 0.5]), texRes=128.0, units='height', win=Window(...))
12.7263 	EXP 	Created text_6 = TextStim(__class__=<class 'psychopy.visual.text.TextStim'>, alignHoriz=method-wrapper(...), alignText='center', alignVert=method-wrapper(...), anchorHoriz='center', anchorVert='center', antialias=True, autoLog=True, bold=False, color=array([1., 1., 1.]), colorSpace='rgb', contrast=1.0, depth=0.0, flipHoriz=False, flipVert=False, font='Open Sans', fontFiles=[], height=0.06, italic=False, languageStyle='LTR', name='text_6', opacity=1, ori=0.0, pos=array([0., 0.]), rgb=UNKNOWN, text=str(...), units='height', win=Window(...), wrapWidth=1)
12.9441 	EXP 	Created text_4 = TextStim(__class__=<class 'psychopy.visual.text.TextStim'>, alignHoriz=method-wrapper(...), alignText='center', alignVert=method-wrapper(...), anchorHoriz='center', anchorVert='center', antialias=True, autoLog=True, bold=False, color=array([1., 1., 1.]), colorSpace='rgb', contrast=1.0, depth=0.0, flipHoriz=False, flipVert=False, font='Open Sans', fontFiles=[], height=0.1, italic=False, languageStyle='LTR', name='text_4', opacity=1, ori=0.0, pos=array([0., 0.]), rgb=UNKNOWN, text='+', units='height', win=Window(...), wrapWidth=1)
12.9509 	EXP 	Created image_3 = ImageStim(__class__=<class 'psychopy.visual.image.ImageStim'>, autoLog=True, color=array([1., 1., 1.]), colorSpace='rgb', contrast=1.0, depth=-1.0, flipHoriz=False, flipVert=False, image='sin', interpolate=True, mask=None, maskParams=None, name='image_3', opacity=1, ori=0.0, pos=array([0., 0.]), size=array([0.5, 0.5]), texRes=128.0, units='height', win=Window(...))
12.9707 	EXP 	Created text_5 = TextStim(__class__=<class 'psychopy.visual.text.TextStim'>, alignHoriz=method-wrapper(...), alignText='center', alignVert=method-wrapper(...), anchorHoriz='center', anchorVert='center', antialias=True, autoLog=True, bold=False, color=array([1., 1., 1.]), colorSpace='rgb', contrast=1.0, depth=-2.0, flipHoriz=False, flipVert=False, font='Open Sans', fontFiles=[], height=0.1, italic=False, languageStyle='LTR', name='text_5', opacity=1, ori=0.0, pos=array([0., 0.]), rgb=UNKNOWN, text='Had you seen this stimulus before?', units='height', win=Window(...), wrapWidth=1)
13.2051 	EXP 	text: autoDraw = True
41.5717 	EXP 	Imported rectangles.xlsx as conditions, 20 conditions, 3 params
41.5725 	EXP 	Created sequence: random, trialTypes=20, nReps=1, seed=None
41.5729 	EXP 	New trial (rep=0, index=0): {'condition': 'nonsalient', 'task': 'go', 'stim_file': '1go1.png'}
41.6249 	DATA 	Keypress: space
41.6421 	EXP 	text: autoDraw = False
41.6421 	EXP 	image: image = '1go1.png'
41.6421 	EXP 	text2: autoDraw = True
42.6275 	EXP 	image: autoDraw = True
42.6447 	EXP 	text2: autoDraw = False
43.3144 	EXP 	New trial (rep=0, index=1): {'condition': 'salient', 'task': 'nogo', 'stim_file': '1nogov1.png'}
43.3350 	DATA 	Keypress: space
43.3473 	EXP 	image: autoDraw = False
43.3473 	EXP 	text2: autoDraw = False
43.3473 	EXP 	image: image = '1nogov1.png'
43.3473 	EXP 	text2: autoDraw = True
44.3326 	EXP 	image: autoDraw = True
44.3490 	EXP 	text2: autoDraw = False
46.3380 	EXP 	image: autoDraw = False
47.3260 	EXP 	New trial (rep=0, index=2): {'condition': 'nonsalient', 'task': 'go', 'stim_file': '1go3.png'}
47.3571 	EXP 	image: autoDraw = False
47.3571 	EXP 	text2: autoDraw = False
47.3571 	EXP 	image: image = '1go3.png'
47.3571 	EXP 	text2: autoDraw = True
48.3432 	EXP 	image: autoDraw = True
48.3597 	EXP 	text2: autoDraw = False
48.7962 	EXP 	New trial (rep=0, index=3): {'condition': 'nonsalient', 'task': 'nogo', 'stim_file': '1nogo4.png'}
48.8120 	DATA 	Keypress: space
48.8279 	EXP 	image: autoDraw = False
48.8279 	EXP 	text2: autoDraw = False
48.8279 	EXP 	image: image = '1nogo4.png'
48.8279 	EXP 	text2: autoDraw = True
49.8138 	EXP 	image: autoDraw = True
49.8304 	EXP 	text2: autoDraw = False
51.8191 	EXP 	image: autoDraw = False
52.8072 	EXP 	New trial (rep=0, index=4): {'condition': 'salient', 'task': 'nogo', 'stim_file': '1nogov.png'}
52.8370 	EXP 	image: autoDraw = False
52.8370 	EXP 	text2: autoDraw = False
52.8370 	EXP 	image: image = '1nogov.png'
52.8370 	EXP 	text2: autoDraw = True
53.8244 	EXP 	image: autoDraw = True
53.8414 	EXP 	text2: autoDraw = False
55.8299 	EXP 	image: autoDraw = False
56.8180 	EXP 	New trial (rep=0, index=5): {'condition': 'salient', 'task': 'nogo', 'stim_file': '1nogov4.png'}
56.8494 	EXP 	image: autoDraw = False
56.8494 	EXP 	text2: autoDraw = False
56.8494 	EXP 	image: image = '1nogov4.png'
56.8494 	EXP 	text2: autoDraw = True
57.8353 	EXP 	image: autoDraw = True
57.8518 	EXP 	text2: autoDraw = False
59.8406 	EXP 	image: autoDraw = False
60.8286 	EXP 	New trial (rep=0, index=6): {'condition': 'nonsalient', 'task': 'nogo', 'stim_file': '1nogo3.png'}
60.8623 	EXP 	image: autoDraw = False
60.8623 	EXP 	text2: autoDraw = False
60.8623 	EXP 	image: image = '1nogo3.png'
60.8623 	EXP 	text2: autoDraw = True
61.8458 	EXP 	image: autoDraw = True
61.8628 	EXP 	text2: autoDraw = False
63.8513 	EXP 	image: autoDraw = False
64.8394 	EXP 	New trial (rep=0, index=7): {'condition': 'salient', 'task': 'go', 'stim_file': '1gov4.png'}
64.8706 	EXP 	image: autoDraw = False
64.8706 	EXP 	text2: autoDraw = False
64.8706 	EXP 	image: image = '1gov4.png'
64.8706 	EXP 	text2: autoDraw = True
65.8566 	EXP 	image: autoDraw = True
65.8733 	EXP 	text2: autoDraw = False
66.3603 	EXP 	New trial (rep=0, index=8): {'condition': 'salient', 'task': 'go', 'stim_file': '1gov2.png'}
66.3781 	DATA 	Keypress: space
66.3915 	EXP 	image: autoDraw = False
66.3915 	EXP 	text2: autoDraw = False
66.3915 	EXP 	image: image = '1gov2.png'
66.3915 	EXP 	text2: autoDraw = True
67.3607 	EXP 	image: autoDraw = True
67.3941 	EXP 	text2: autoDraw = False
67.8645 	EXP 	New trial (rep=0, index=9): {'condition': 'nonsalient', 'task': 'nogo', 'stim_file': '1nogo2.png'}
67.8831 	DATA 	Keypress: space
67.8954 	EXP 	image: autoDraw = False
67.8954 	EXP 	text2: autoDraw = False
67.8954 	EXP 	image: image = '1nogo2.png'
67.8954 	EXP 	text2: autoDraw = True
68.8647 	EXP 	image: autoDraw = True
68.8983 	EXP 	text2: autoDraw = False
70.8700 	EXP 	image: autoDraw = False
71.8582 	EXP 	New trial (rep=0, index=10): {'condition': 'nonsalient', 'task': 'go', 'stim_file': '1go4.png'}
71.8896 	EXP 	image: autoDraw = False
71.8896 	EXP 	text2: autoDraw = False
71.8896 	EXP 	image: image = '1go4.png'
71.8896 	EXP 	text2: autoDraw = True
72.8587 	EXP 	image: autoDraw = True
72.8921 	EXP 	text2: autoDraw = False
73.2779 	EXP 	New trial (rep=0, index=11): {'condition': 'nonsalient', 'task': 'nogo', 'stim_file': '1nogo1.png'}
73.2924 	DATA 	Keypress: space
73.3101 	EXP 	image: autoDraw = False
73.3101 	EXP 	text2: autoDraw = False
73.3101 	EXP 	image: image = '1nogo1.png'
73.3101 	EXP 	text2: autoDraw = True
74.2959 	EXP 	image: autoDraw = True
74.3126 	EXP 	text2: autoDraw = False
76.3013 	EXP 	image: autoDraw = False
77.2892 	EXP 	New trial (rep=0, index=12): {'condition': 'salient', 'task': 'go', 'stim_file': '1gov3.png'}
77.3207 	EXP 	image: autoDraw = False
77.3207 	EXP 	text2: autoDraw = False
77.3207 	EXP 	image: image = '1gov3.png'
77.3207 	EXP 	text2: autoDraw = True
78.2900 	EXP 	image: autoDraw = True
78.3233 	EXP 	text2: autoDraw = False
78.6925 	EXP 	New trial (rep=0, index=13): {'condition': 'salient', 'task': 'go', 'stim_file': '1gov1.png'}
78.7065 	DATA 	Keypress: space
78.7244 	EXP 	image: autoDraw = False
78.7244 	EXP 	text2: autoDraw = False
78.7244 	EXP 	image: image = '1gov1.png'
78.7244 	EXP 	text2: autoDraw = True
79.7104 	EXP 	image: autoDraw = True
79.7271 	EXP 	text2: autoDraw = False
80.0958 	EXP 	New trial (rep=0, index=14): {'condition': 'nonsalient', 'task': 'go', 'stim_file': '1go2.png'}
80.1100 	DATA 	Keypress: space
80.1280 	EXP 	image: autoDraw = False
80.1280 	EXP 	text2: autoDraw = False
80.1280 	EXP 	image: image = '1go2.png'
80.1280 	EXP 	text2: autoDraw = True
81.1142 	EXP 	image: autoDraw = True
81.1309 	EXP 	text2: autoDraw = False
81.5009 	EXP 	New trial (rep=0, index=15): {'condition': 'nonsalient', 'task': 'nogo', 'stim_file': '1nogo.png'}
81.5217 	DATA 	Keypress: space
81.5317 	EXP 	image: autoDraw = False
81.5317 	EXP 	text2: autoDraw = False
81.5317 	EXP 	image: image = '1nogo.png'
81.5317 	EXP 	text2: autoDraw = True
82.5011 	EXP 	image: autoDraw = True
82.5344 	EXP 	text2: autoDraw = False
84.5064 	EXP 	image: autoDraw = False
85.4946 	EXP 	New trial (rep=0, index=16): {'condition': 'nonsalient', 'task': 'go', 'stim_file': '1go.png'}
85.5259 	EXP 	image: autoDraw = False
85.5259 	EXP 	text2: autoDraw = False
85.5259 	EXP 	image: image = '1go.png'
85.5259 	EXP 	text2: autoDraw = True
86.4950 	EXP 	image: autoDraw = True
86.5286 	EXP 	text2: autoDraw = False
86.9313 	EXP 	New trial (rep=0, index=17): {'condition': 'salient', 'task': 'nogo', 'stim_file': '1nogov2.png'}
86.9463 	DATA 	Keypress: space
86.9631 	EXP 	image: autoDraw = False
86.9631 	EXP 	text2: autoDraw = False
86.9631 	EXP 	image: image = '1nogov2.png'
86.9631 	EXP 	text2: autoDraw = True
87.9489 	EXP 	image: autoDraw = True
87.9657 	EXP 	text2: autoDraw = False
89.9543 	EXP 	image: autoDraw = False
90.9426 	EXP 	New trial (rep=0, index=18): {'condition': 'salient', 'task': 'nogo', 'stim_file': '1nogov3.png'}
90.9738 	EXP 	image: autoDraw = False
90.9738 	EXP 	text2: autoDraw = False
90.9738 	EXP 	image: image = '1nogov3.png'
90.9738 	EXP 	text2: autoDraw = True
91.9596 	EXP 	image: autoDraw = True
91.9765 	EXP 	text2: autoDraw = False
93.9652 	EXP 	image: autoDraw = False
94.9529 	EXP 	New trial (rep=0, index=19): {'condition': 'salient', 'task': 'go', 'stim_file': '1gov.png'}
94.9844 	EXP 	image: autoDraw = False
94.9844 	EXP 	text2: autoDraw = False
94.9844 	EXP 	image: image = '1gov.png'
94.9844 	EXP 	text2: autoDraw = True
95.9533 	EXP 	image: autoDraw = True
95.9866 	EXP 	text2: autoDraw = False
96.3792 	DATA 	Keypress: space
96.3880 	EXP 	image: autoDraw = False
96.3880 	EXP 	text2: autoDraw = False
96.3880 	EXP 	text_3: autoDraw = True
103.8690 	EXP 	Imported circles.xlsx as conditions, 20 conditions, 3 params
103.8696 	EXP 	Created sequence: random, trialTypes=20, nReps=1, seed=None
103.8701 	EXP 	New trial (rep=0, index=0): {'condition': 'nonsalient', 'task': 'nogo', 'stim_file': '2nogo2.png'}
103.8859 	DATA 	Keypress: space
103.9082 	EXP 	text_3: autoDraw = False
103.9082 	EXP 	image_2: image = '2nogo2.png'
103.9082 	EXP 	text_2: autoDraw = True
104.8775 	EXP 	image_2: autoDraw = True
104.9110 	EXP 	text_2: autoDraw = False
105.2797 	EXP 	New trial (rep=0, index=1): {'condition': 'nonsalient', 'task': 'nogo', 'stim_file': '2nogo4.png'}
105.2938 	DATA 	Keypress: space
105.3121 	EXP 	text_2: autoDraw = False
105.3121 	EXP 	image_2: autoDraw = False
105.3121 	EXP 	image_2: image = '2nogo4.png'
105.3121 	EXP 	text_2: autoDraw = True
106.2981 	EXP 	image_2: autoDraw = True
106.3147 	EXP 	text_2: autoDraw = False
108.3033 	EXP 	image_2: autoDraw = False
109.2914 	EXP 	New trial (rep=0, index=2): {'condition': 'nonsalient', 'task': 'go', 'stim_file': '2go4.png'}
109.3225 	EXP 	text_2: autoDraw = False
109.3225 	EXP 	image_2: autoDraw = False
109.3225 	EXP 	image_2: image = '2go4.png'
109.3225 	EXP 	text_2: autoDraw = True
110.3085 	EXP 	image_2: autoDraw = True
110.3253 	EXP 	text_2: autoDraw = False
110.8122 	EXP 	New trial (rep=0, index=3): {'condition': 'salient', 'task': 'nogo', 'stim_file': '2nogov.png'}
110.8318 	DATA 	Keypress: space
110.8435 	EXP 	text_2: autoDraw = False
110.8435 	EXP 	image_2: autoDraw = False
110.8435 	EXP 	image_2: image = '2nogov.png'
110.8435 	EXP 	text_2: autoDraw = True
111.8294 	EXP 	image_2: autoDraw = True
111.8460 	EXP 	text_2: autoDraw = False
113.8348 	EXP 	image_2: autoDraw = False
114.8228 	EXP 	New trial (rep=0, index=4): {'condition': 'nonsalient', 'task': 'go', 'stim_file': '2go2.png'}
114.8542 	EXP 	text_2: autoDraw = False
114.8542 	EXP 	image_2: autoDraw = False
114.8542 	EXP 	image_2: image = '2go2.png'
114.8542 	EXP 	text_2: autoDraw = True
115.8402 	EXP 	image_2: autoDraw = True
115.8570 	EXP 	text_2: autoDraw = False
116.5446 	EXP 	New trial (rep=0, index=5): {'condition': 'nonsalient', 'task': 'nogo', 'stim_file': '2nogo.png'}
116.5626 	DATA 	Keypress: space
116.5755 	EXP 	text_2: autoDraw = False
116.5755 	EXP 	image_2: autoDraw = False
116.5755 	EXP 	image_2: image = '2nogo.png'
116.5755 	EXP 	text_2: autoDraw = True
117.5448 	EXP 	image_2: autoDraw = True
117.5781 	EXP 	text_2: autoDraw = False
119.5502 	EXP 	image_2: autoDraw = False
120.5380 	EXP 	New trial (rep=0, index=6): {'condition': 'nonsalient', 'task': 'go', 'stim_file': '2go3.png'}
120.5694 	EXP 	text_2: autoDraw = False
120.5694 	EXP 	image_2: autoDraw = False
120.5694 	EXP 	image_2: image = '2go3.png'
120.5694 	EXP 	text_2: autoDraw = True
121.5556 	EXP 	image_2: autoDraw = True
121.5723 	EXP 	text_2: autoDraw = False
122.0915 	EXP 	New trial (rep=0, index=7): {'condition': 'salient', 'task': 'go', 'stim_file': '2gov3.png'}
122.1076 	DATA 	Keypress: space
122.1236 	EXP 	text_2: autoDraw = False
122.1236 	EXP 	image_2: autoDraw = False
122.1236 	EXP 	image_2: image = '2gov3.png'
122.1236 	EXP 	text_2: autoDraw = True
123.1097 	EXP 	image_2: autoDraw = True
123.1262 	EXP 	text_2: autoDraw = False
123.8286 	EXP 	New trial (rep=0, index=8): {'condition': 'nonsalient', 'task': 'nogo', 'stim_file': '2nogo3.png'}
123.8458 	DATA 	Keypress: space
123.8608 	EXP 	text_2: autoDraw = False
123.8608 	EXP 	image_2: autoDraw = False
123.8608 	EXP 	image_2: image = '2nogo3.png'
123.8608 	EXP 	text_2: autoDraw = True
124.8461 	EXP 	image_2: autoDraw = True
124.8630 	EXP 	text_2: autoDraw = False
126.8527 	EXP 	image_2: autoDraw = False
127.8408 	EXP 	New trial (rep=0, index=9): {'condition': 'salient', 'task': 'go', 'stim_file': '2gov2.png'}
127.8724 	EXP 	text_2: autoDraw = False
127.8724 	EXP 	image_2: autoDraw = False
127.8724 	EXP 	image_2: image = '2gov2.png'
127.8724 	EXP 	text_2: autoDraw = True
128.8581 	EXP 	image_2: autoDraw = True
128.8750 	EXP 	text_2: autoDraw = False
129.3102 	EXP 	New trial (rep=0, index=10): {'condition': 'nonsalient', 'task': 'go', 'stim_file': '2go1.png'}
129.3274 	DATA 	Keypress: space
129.3428 	EXP 	text_2: autoDraw = False
129.3428 	EXP 	image_2: autoDraw = False
129.3428 	EXP 	image_2: image = '2go1.png'
129.3428 	EXP 	text_2: autoDraw = True
130.3289 	EXP 	image_2: autoDraw = True
130.3452 	EXP 	text_2: autoDraw = False
130.8493 	EXP 	New trial (rep=0, index=11): {'condition': 'salient', 'task': 'nogo', 'stim_file': '2nogov2.png'}
130.8724 	DATA 	Keypress: space
130.8803 	EXP 	text_2: autoDraw = False
130.8803 	EXP 	image_2: autoDraw = False
130.8803 	EXP 	image_2: image = '2nogov2.png'
130.8803 	EXP 	text_2: autoDraw = True
131.8663 	EXP 	image_2: autoDraw = True
131.8831 	EXP 	text_2: autoDraw = False
133.8703 	EXP 	image_2: autoDraw = False
134.8595 	EXP 	New trial (rep=0, index=12): {'condition': 'salient', 'task': 'go', 'stim_file': '2gov1.png'}
134.8910 	EXP 	text_2: autoDraw = False
134.8910 	EXP 	image_2: autoDraw = False
134.8910 	EXP 	image_2: image = '2gov1.png'
134.8910 	EXP 	text_2: autoDraw = True
135.8769 	EXP 	image_2: autoDraw = True
135.8937 	EXP 	text_2: autoDraw = False
136.3304 	EXP 	New trial (rep=0, index=13): {'condition': 'nonsalient', 'task': 'nogo', 'stim_file': '2nogo1.png'}
136.3503 	DATA 	Keypress: space
136.3615 	EXP 	text_2: autoDraw = False
136.3615 	EXP 	image_2: autoDraw = False
136.3615 	EXP 	image_2: image = '2nogo1.png'
136.3615 	EXP 	text_2: autoDraw = True
137.3476 	EXP 	image_2: autoDraw = True
137.3641 	EXP 	text_2: autoDraw = False
139.3531 	EXP 	image_2: autoDraw = False
140.3411 	EXP 	New trial (rep=0, index=14): {'condition': 'nonsalient', 'task': 'go', 'stim_file': '2go.png'}
140.3715 	EXP 	text_2: autoDraw = False
140.3715 	EXP 	image_2: autoDraw = False
140.3715 	EXP 	image_2: image = '2go.png'
140.3715 	EXP 	text_2: autoDraw = True
141.3583 	EXP 	image_2: autoDraw = True
141.3749 	EXP 	text_2: autoDraw = False
141.7267 	EXP 	New trial (rep=0, index=15): {'condition': 'salient', 'task': 'nogo', 'stim_file': '2nogov4.png'}
141.7433 	DATA 	Keypress: space
141.7596 	EXP 	text_2: autoDraw = False
141.7596 	EXP 	image_2: autoDraw = False
141.7596 	EXP 	image_2: image = '2nogov4.png'
141.7596 	EXP 	text_2: autoDraw = True
142.7453 	EXP 	image_2: autoDraw = True
142.7621 	EXP 	text_2: autoDraw = False
144.7507 	EXP 	image_2: autoDraw = False
145.7387 	EXP 	New trial (rep=0, index=16): {'condition': 'salient', 'task': 'nogo', 'stim_file': '2nogov1.png'}
145.7702 	EXP 	text_2: autoDraw = False
145.7702 	EXP 	image_2: autoDraw = False
145.7702 	EXP 	image_2: image = '2nogov1.png'
145.7702 	EXP 	text_2: autoDraw = True
146.7560 	EXP 	image_2: autoDraw = True
146.7726 	EXP 	text_2: autoDraw = False
148.7613 	EXP 	image_2: autoDraw = False
149.7494 	EXP 	New trial (rep=0, index=17): {'condition': 'salient', 'task': 'go', 'stim_file': '2gov.png'}
149.7807 	EXP 	text_2: autoDraw = False
149.7807 	EXP 	image_2: autoDraw = False
149.7807 	EXP 	image_2: image = '2gov.png'
149.7807 	EXP 	text_2: autoDraw = True
150.7667 	EXP 	image_2: autoDraw = True
150.7834 	EXP 	text_2: autoDraw = False
151.2037 	EXP 	New trial (rep=0, index=18): {'condition': 'salient', 'task': 'nogo', 'stim_file': '2nogov3.png'}
151.2244 	DATA 	Keypress: space
151.2345 	EXP 	text_2: autoDraw = False
151.2345 	EXP 	image_2: autoDraw = False
151.2345 	EXP 	image_2: image = '2nogov3.png'
151.2345 	EXP 	text_2: autoDraw = True
152.2208 	EXP 	image_2: autoDraw = True
152.2374 	EXP 	text_2: autoDraw = False
154.2261 	EXP 	image_2: autoDraw = False
155.2141 	EXP 	New trial (rep=0, index=19): {'condition': 'salient', 'task': 'go', 'stim_file': '2gov4.png'}
155.2455 	EXP 	text_2: autoDraw = False
155.2455 	EXP 	image_2: autoDraw = False
155.2455 	EXP 	image_2: image = '2gov4.png'
155.2455 	EXP 	text_2: autoDraw = True
156.2314 	EXP 	image_2: autoDraw = True
156.2478 	EXP 	text_2: autoDraw = False
156.5523 	DATA 	Keypress: space
156.5655 	EXP 	text_2: autoDraw = False
156.5655 	EXP 	image_2: autoDraw = False
156.5655 	EXP 	text_6: autoDraw = True
176.7734 	EXP 	Imported yesno.xlsx as conditions, 40 conditions, 4 params
176.7741 	EXP 	Created sequence: random, trialTypes=40, nReps=1, seed=None
176.7744 	EXP 	New trial (rep=0, index=0): {'type': 'nonst', 'condition': 'nonsalient', 'shape': 'rectangle', 'stim_file': 'nonstr.png'}
176.7899 	DATA 	Keypress: space
176.8030 	EXP 	text_6: autoDraw = False
176.8030 	EXP 	image_3: image = 'nonstr.png'
176.8030 	EXP 	text_4: autoDraw = True
177.7723 	EXP 	image_3: autoDraw = True
177.8056 	EXP 	text_4: autoDraw = False
179.7777 	EXP 	image_3: autoDraw = False
179.7777 	EXP 	text_5: autoDraw = True
181.8038 	EXP 	New trial (rep=0, index=1): {'type': 'nonst', 'condition': 'nonsalient', 'shape': 'circle', 'stim_file': 'nonstc3.png'}
181.8222 	DATA 	Keypress: right
181.8331 	EXP 	text_4: autoDraw = False
181.8331 	EXP 	image_3: autoDraw = False
181.8331 	EXP 	text_5: autoDraw = False
181.8331 	EXP 	image_3: image = 'nonstc3.png'
181.8331 	EXP 	text_4: autoDraw = True
182.8191 	EXP 	image_3: autoDraw = True
182.8358 	EXP 	text_4: autoDraw = False
183.6073 	DATA 	Keypress: right
184.8078 	EXP 	text_5: autoDraw = True
184.8242 	EXP 	image_3: autoDraw = False
185.8442 	EXP 	New trial (rep=0, index=2): {'type': 'nonst', 'condition': 'salient', 'shape': 'rectangle', 'stim_file': 'nonstrv.png'}
185.8580 	DATA 	Keypress: right
185.8771 	EXP 	text_4: autoDraw = False
185.8771 	EXP 	image_3: autoDraw = False
185.8771 	EXP 	text_5: autoDraw = False
185.8771 	EXP 	image_3: image = 'nonstrv.png'
185.8771 	EXP 	text_4: autoDraw = True
186.8632 	EXP 	image_3: autoDraw = True
186.8798 	EXP 	text_4: autoDraw = False
188.8517 	EXP 	text_5: autoDraw = True
188.8685 	EXP 	image_3: autoDraw = False
189.4061 	EXP 	New trial (rep=0, index=3): {'type': 'st', 'condition': 'salient', 'shape': 'rectangle', 'stim_file': '1gov1.png'}
189.4224 	DATA 	Keypress: left
189.4368 	EXP 	text_4: autoDraw = False
189.4368 	EXP 	image_3: autoDraw = False
189.4368 	EXP 	text_5: autoDraw = False
189.4368 	EXP 	image_3: image = '1gov1.png'
189.4368 	EXP 	text_4: autoDraw = True
190.4059 	EXP 	image_3: autoDraw = True
190.4394 	EXP 	text_4: autoDraw = False
191.3614 	DATA 	Keypress: right
192.4113 	EXP 	image_3: autoDraw = False
192.4113 	EXP 	text_5: autoDraw = True
192.9144 	EXP 	New trial (rep=0, index=4): {'type': 'nonst', 'condition': 'salient', 'shape': 'circle', 'stim_file': 'nonstcv4.png'}
192.9294 	DATA 	Keypress: right
192.9462 	EXP 	text_4: autoDraw = False
192.9462 	EXP 	image_3: autoDraw = False
192.9462 	EXP 	text_5: autoDraw = False
192.9462 	EXP 	image_3: image = 'nonstcv4.png'
192.9462 	EXP 	text_4: autoDraw = True
193.9321 	EXP 	image_3: autoDraw = True
193.9487 	EXP 	text_4: autoDraw = False
195.9374 	EXP 	image_3: autoDraw = False
195.9374 	EXP 	text_5: autoDraw = True
196.5406 	EXP 	New trial (rep=0, index=5): {'type': 'st', 'condition': 'salient', 'shape': 'circle', 'stim_file': '1nogov4.png'}
196.5551 	DATA 	Keypress: left
196.5725 	EXP 	text_4: autoDraw = False
196.5725 	EXP 	image_3: autoDraw = False
196.5725 	EXP 	text_5: autoDraw = False
196.5725 	EXP 	image_3: image = '1nogov4.png'
196.5725 	EXP 	text_4: autoDraw = True
197.5585 	EXP 	image_3: autoDraw = True
197.5753 	EXP 	text_4: autoDraw = False
199.5639 	EXP 	image_3: autoDraw = False
199.5639 	EXP 	text_5: autoDraw = True
200.0326 	EXP 	New trial (rep=0, index=6): {'type': 'nonst', 'condition': 'nonsalient', 'shape': 'circle', 'stim_file': 'nonstc1.png'}
200.0465 	DATA 	Keypress: right
200.0652 	EXP 	text_4: autoDraw = False
200.0652 	EXP 	image_3: autoDraw = False
200.0652 	EXP 	text_5: autoDraw = False
200.0652 	EXP 	image_3: image = 'nonstc1.png'
200.0652 	EXP 	text_4: autoDraw = True
201.0510 	EXP 	image_3: autoDraw = True
201.0678 	EXP 	text_4: autoDraw = False
203.0398 	EXP 	text_5: autoDraw = True
203.0565 	EXP 	image_3: autoDraw = False
203.4621 	DATA 	Keypress: left
203.4770 	EXP 	New trial (rep=0, index=7): {'type': 'st', 'condition': 'nonsalient', 'shape': 'rectangle', 'stim_file': '1go.png'}
203.5076 	EXP 	text_4: autoDraw = False
203.5076 	EXP 	image_3: autoDraw = False
203.5076 	EXP 	text_5: autoDraw = False
203.5076 	EXP 	image_3: image = '1go.png'
203.5076 	EXP 	text_4: autoDraw = True
204.4769 	EXP 	image_3: autoDraw = True
204.5103 	EXP 	text_4: autoDraw = False
206.4817 	EXP 	image_3: autoDraw = False
206.4817 	EXP 	text_5: autoDraw = True
206.8851 	EXP 	New trial (rep=0, index=8): {'type': 'nonst', 'condition': 'salient', 'shape': 'circle', 'stim_file': 'nonstcv2.png'}
206.9003 	DATA 	Keypress: left
206.9168 	EXP 	text_4: autoDraw = False
206.9168 	EXP 	image_3: autoDraw = False
206.9168 	EXP 	text_5: autoDraw = False
206.9168 	EXP 	image_3: image = 'nonstcv2.png'
206.9168 	EXP 	text_4: autoDraw = True
207.9026 	EXP 	image_3: autoDraw = True
207.9196 	EXP 	text_4: autoDraw = False
209.9080 	EXP 	image_3: autoDraw = False
209.9080 	EXP 	text_5: autoDraw = True
210.2618 	EXP 	New trial (rep=0, index=9): {'type': 'nonst', 'condition': 'salient', 'shape': 'rectangle', 'stim_file': 'nonstrv2.png'}
210.2793 	DATA 	Keypress: right
210.2916 	EXP 	text_4: autoDraw = False
210.2916 	EXP 	image_3: autoDraw = False
210.2916 	EXP 	text_5: autoDraw = False
210.2916 	EXP 	image_3: image = 'nonstrv2.png'
210.2916 	EXP 	text_4: autoDraw = True
211.2616 	EXP 	image_3: autoDraw = True
211.2950 	EXP 	text_4: autoDraw = False
213.2671 	EXP 	image_3: autoDraw = False
213.2671 	EXP 	text_5: autoDraw = True
213.6192 	EXP 	New trial (rep=0, index=10): {'type': 'st', 'condition': 'nonsalient', 'shape': 'rectangle', 'stim_file': '1go4.png'}
213.6332 	DATA 	Keypress: right
213.6514 	EXP 	text_4: autoDraw = False
213.6514 	EXP 	image_3: autoDraw = False
213.6514 	EXP 	text_5: autoDraw = False
213.6514 	EXP 	image_3: image = '1go4.png'
213.6514 	EXP 	text_4: autoDraw = True
214.6372 	EXP 	image_3: autoDraw = True
214.6541 	EXP 	text_4: autoDraw = False
216.6258 	EXP 	text_5: autoDraw = True
216.6427 	EXP 	image_3: autoDraw = False
217.2624 	EXP 	New trial (rep=0, index=11): {'type': 'st', 'condition': 'nonsalient', 'shape': 'circle', 'stim_file': '1nogo3.png'}
217.2771 	DATA 	Keypress: left
217.2945 	EXP 	text_4: autoDraw = False
217.2945 	EXP 	image_3: autoDraw = False
217.2945 	EXP 	text_5: autoDraw = False
217.2945 	EXP 	image_3: image = '1nogo3.png'
217.2945 	EXP 	text_4: autoDraw = True
218.2804 	EXP 	image_3: autoDraw = True
218.2971 	EXP 	text_4: autoDraw = False
220.2858 	EXP 	image_3: autoDraw = False
220.2858 	EXP 	text_5: autoDraw = True
220.6392 	EXP 	New trial (rep=0, index=12): {'type': 'st', 'condition': 'salient', 'shape': 'rectangle', 'stim_file': '1gov3.png'}
220.6541 	DATA 	Keypress: left
220.6701 	EXP 	text_4: autoDraw = False
220.6701 	EXP 	image_3: autoDraw = False
220.6701 	EXP 	text_5: autoDraw = False
220.6701 	EXP 	image_3: image = '1gov3.png'
220.6701 	EXP 	text_4: autoDraw = True
221.6559 	EXP 	image_3: autoDraw = True
221.6729 	EXP 	text_4: autoDraw = False
223.6614 	EXP 	image_3: autoDraw = False
223.6614 	EXP 	text_5: autoDraw = True
224.0820 	EXP 	New trial (rep=0, index=13): {'type': 'nonst', 'condition': 'salient', 'shape': 'circle', 'stim_file': 'nonstcv1.png'}
224.0996 	DATA 	Keypress: right
224.1129 	EXP 	text_4: autoDraw = False
224.1129 	EXP 	image_3: autoDraw = False
224.1129 	EXP 	text_5: autoDraw = False
224.1129 	EXP 	image_3: image = 'nonstcv1.png'
224.1129 	EXP 	text_4: autoDraw = True
225.0821 	EXP 	image_3: autoDraw = True
225.1153 	EXP 	text_4: autoDraw = False
227.0873 	EXP 	image_3: autoDraw = False
227.0873 	EXP 	text_5: autoDraw = True
227.4745 	EXP 	New trial (rep=0, index=14): {'type': 'nonst', 'condition': 'salient', 'shape': 'rectangle', 'stim_file': 'nonstrv4.png'}
227.4949 	DATA 	Keypress: right
227.5047 	EXP 	text_4: autoDraw = False
227.5047 	EXP 	image_3: autoDraw = False
227.5047 	EXP 	text_5: autoDraw = False
227.5047 	EXP 	image_3: image = 'nonstrv4.png'
227.5047 	EXP 	text_4: autoDraw = True
228.4912 	EXP 	image_3: autoDraw = True
228.5079 	EXP 	text_4: autoDraw = False
230.4797 	EXP 	text_5: autoDraw = True
230.4963 	EXP 	image_3: autoDraw = False
230.7647 	EXP 	New trial (rep=0, index=15): {'type': 'nonst', 'condition': 'nonsalient', 'shape': 'circle', 'stim_file': 'nonstc2.png'}
230.7798 	DATA 	Keypress: left
230.7973 	EXP 	text_4: autoDraw = False
230.7973 	EXP 	image_3: autoDraw = False
230.7973 	EXP 	text_5: autoDraw = False
230.7973 	EXP 	image_3: image = 'nonstc2.png'
230.7973 	EXP 	text_4: autoDraw = True
231.7830 	EXP 	image_3: autoDraw = True
231.7999 	EXP 	text_4: autoDraw = False
233.7885 	EXP 	image_3: autoDraw = False
233.7885 	EXP 	text_5: autoDraw = True
234.1080 	EXP 	New trial (rep=0, index=16): {'type': 'st', 'condition': 'salient', 'shape': 'rectangle', 'stim_file': '1gov4.png'}
234.1234 	DATA 	Keypress: left
234.1394 	EXP 	text_4: autoDraw = False
234.1394 	EXP 	image_3: autoDraw = False
234.1394 	EXP 	text_5: autoDraw = False
234.1394 	EXP 	image_3: image = '1gov4.png'
234.1394 	EXP 	text_4: autoDraw = True
235.1255 	EXP 	image_3: autoDraw = True
235.1422 	EXP 	text_4: autoDraw = False
237.1305 	EXP 	image_3: autoDraw = False
237.1305 	EXP 	text_5: autoDraw = True
237.4172 	EXP 	New trial (rep=0, index=17): {'type': 'st', 'condition': 'nonsalient', 'shape': 'circle', 'stim_file': '1nogo1.png'}
237.4318 	DATA 	Keypress: right
237.4483 	EXP 	text_4: autoDraw = False
237.4483 	EXP 	image_3: autoDraw = False
237.4483 	EXP 	text_5: autoDraw = False
237.4483 	EXP 	image_3: image = '1nogo1.png'
237.4483 	EXP 	text_4: autoDraw = True
238.4342 	EXP 	image_3: autoDraw = True
238.4509 	EXP 	text_4: autoDraw = False
240.4398 	EXP 	image_3: autoDraw = False
240.4398 	EXP 	text_5: autoDraw = True
240.7083 	EXP 	New trial (rep=0, index=18): {'type': 'st', 'condition': 'nonsalient', 'shape': 'circle', 'stim_file': '1nogo4.png'}
240.7224 	DATA 	Keypress: right
240.7405 	EXP 	text_4: autoDraw = False
240.7405 	EXP 	image_3: autoDraw = False
240.7405 	EXP 	text_5: autoDraw = False
240.7405 	EXP 	image_3: image = '1nogo4.png'
240.7405 	EXP 	text_4: autoDraw = True
241.7266 	EXP 	image_3: autoDraw = True
241.7431 	EXP 	text_4: autoDraw = False
243.7319 	EXP 	image_3: autoDraw = False
243.7319 	EXP 	text_5: autoDraw = True
244.0855 	EXP 	New trial (rep=0, index=19): {'type': 'nonst', 'condition': 'nonsalient', 'shape': 'rectangle', 'stim_file': 'nonstr1.png'}
244.1057 	DATA 	Keypress: right
244.1161 	EXP 	text_4: autoDraw = False
244.1161 	EXP 	image_3: autoDraw = False
244.1161 	EXP 	text_5: autoDraw = False
244.1161 	EXP 	image_3: image = 'nonstr1.png'
244.1161 	EXP 	text_4: autoDraw = True
245.0852 	EXP 	image_3: autoDraw = True
245.1188 	EXP 	text_4: autoDraw = False
247.0906 	EXP 	image_3: autoDraw = False
247.0906 	EXP 	text_5: autoDraw = True
247.4445 	EXP 	New trial (rep=0, index=20): {'type': 'nonst', 'condition': 'nonsalient', 'shape': 'circle', 'stim_file': 'nonstc.png'}
247.4621 	DATA 	Keypress: left
247.4751 	EXP 	text_4: autoDraw = False
247.4751 	EXP 	image_3: autoDraw = False
247.4751 	EXP 	text_5: autoDraw = False
247.4751 	EXP 	image_3: image = 'nonstc.png'
247.4751 	EXP 	text_4: autoDraw = True
248.4443 	EXP 	image_3: autoDraw = True
248.4777 	EXP 	text_4: autoDraw = False
250.4497 	EXP 	image_3: autoDraw = False
250.4497 	EXP 	text_5: autoDraw = True
250.9370 	EXP 	New trial (rep=0, index=21): {'type': 'st', 'condition': 'salient', 'shape': 'circle', 'stim_file': '1nogov1.png'}
250.9548 	DATA 	Keypress: right
250.9678 	EXP 	text_4: autoDraw = False
250.9678 	EXP 	image_3: autoDraw = False
250.9678 	EXP 	text_5: autoDraw = False
250.9678 	EXP 	image_3: image = '1nogov1.png'
250.9678 	EXP 	text_4: autoDraw = True
251.9371 	EXP 	image_3: autoDraw = True
251.9705 	EXP 	text_4: autoDraw = False
253.9422 	EXP 	image_3: autoDraw = False
253.9422 	EXP 	text_5: autoDraw = True
254.3127 	EXP 	New trial (rep=0, index=22): {'type': 'st', 'condition': 'salient', 'shape': 'circle', 'stim_file': '1nogov.png'}
254.3332 	DATA 	Keypress: right
254.3436 	EXP 	text_4: autoDraw = False
254.3436 	EXP 	image_3: autoDraw = False
254.3436 	EXP 	text_5: autoDraw = False
254.3436 	EXP 	image_3: image = '1nogov.png'
254.3436 	EXP 	text_4: autoDraw = True
255.3293 	EXP 	image_3: autoDraw = True
255.3461 	EXP 	text_4: autoDraw = False
257.3180 	EXP 	text_5: autoDraw = True
257.3348 	EXP 	image_3: autoDraw = False
257.6372 	EXP 	New trial (rep=0, index=23): {'type': 'nonst', 'condition': 'nonsalient', 'shape': 'circle', 'stim_file': 'nonstc4.png'}
257.6532 	DATA 	Keypress: left
257.6690 	EXP 	text_4: autoDraw = False
257.6690 	EXP 	image_3: autoDraw = False
257.6690 	EXP 	text_5: autoDraw = False
257.6690 	EXP 	image_3: image = 'nonstc4.png'
257.6690 	EXP 	text_4: autoDraw = True
258.6549 	EXP 	image_3: autoDraw = True
258.6715 	EXP 	text_4: autoDraw = False
260.6604 	EXP 	image_3: autoDraw = False
260.6604 	EXP 	text_5: autoDraw = True
261.0289 	EXP 	New trial (rep=0, index=24): {'type': 'st', 'condition': 'nonsalient', 'shape': 'circle', 'stim_file': '1nogo.png'}
261.0432 	DATA 	Keypress: left
261.0613 	EXP 	text_4: autoDraw = False
261.0613 	EXP 	image_3: autoDraw = False
261.0613 	EXP 	text_5: autoDraw = False
261.0613 	EXP 	image_3: image = '1nogo.png'
261.0613 	EXP 	text_4: autoDraw = True
262.0472 	EXP 	image_3: autoDraw = True
262.0641 	EXP 	text_4: autoDraw = False
264.0526 	EXP 	image_3: autoDraw = False
264.0526 	EXP 	text_5: autoDraw = True
264.3731 	EXP 	New trial (rep=0, index=25): {'type': 'st', 'condition': 'nonsalient', 'shape': 'rectangle', 'stim_file': '1go1.png'}
264.3933 	DATA 	Keypress: right
264.4037 	EXP 	text_4: autoDraw = False
264.4037 	EXP 	image_3: autoDraw = False
264.4037 	EXP 	text_5: autoDraw = False
264.4037 	EXP 	image_3: image = '1go1.png'
264.4037 	EXP 	text_4: autoDraw = True
265.3895 	EXP 	image_3: autoDraw = True
265.4061 	EXP 	text_4: autoDraw = False
267.3781 	EXP 	text_5: autoDraw = True
267.3950 	EXP 	image_3: autoDraw = False
267.6133 	EXP 	New trial (rep=0, index=26): {'type': 'nonst', 'condition': 'salient', 'shape': 'circle', 'stim_file': 'nonstcv.png'}
267.6292 	DATA 	Keypress: right
267.6456 	EXP 	text_4: autoDraw = False
267.6456 	EXP 	image_3: autoDraw = False
267.6456 	EXP 	text_5: autoDraw = False
267.6456 	EXP 	image_3: image = 'nonstcv.png'
267.6456 	EXP 	text_4: autoDraw = True
268.6316 	EXP 	image_3: autoDraw = True
268.6483 	EXP 	text_4: autoDraw = False
270.6371 	EXP 	image_3: autoDraw = False
270.6371 	EXP 	text_5: autoDraw = True
270.8714 	EXP 	New trial (rep=0, index=27): {'type': 'nonst', 'condition': 'salient', 'shape': 'rectangle', 'stim_file': 'nonstrv3.png'}
270.8862 	DATA 	Keypress: right
270.9044 	EXP 	text_4: autoDraw = False
270.9044 	EXP 	image_3: autoDraw = False
270.9044 	EXP 	text_5: autoDraw = False
270.9044 	EXP 	image_3: image = 'nonstrv3.png'
270.9044 	EXP 	text_4: autoDraw = True
271.8902 	EXP 	image_3: autoDraw = True
271.9069 	EXP 	text_4: autoDraw = False
273.8956 	EXP 	image_3: autoDraw = False
273.8956 	EXP 	text_5: autoDraw = True
274.2318 	EXP 	New trial (rep=0, index=28): {'type': 'st', 'condition': 'nonsalient', 'shape': 'circle', 'stim_file': '1nogo2.png'}
274.2469 	DATA 	Keypress: right
274.2635 	EXP 	text_4: autoDraw = False
274.2635 	EXP 	image_3: autoDraw = False
274.2635 	EXP 	text_5: autoDraw = False
274.2635 	EXP 	image_3: image = '1nogo2.png'
274.2635 	EXP 	text_4: autoDraw = True
275.2493 	EXP 	image_3: autoDraw = True
275.2660 	EXP 	text_4: autoDraw = False
277.2545 	EXP 	image_3: autoDraw = False
277.2545 	EXP 	text_5: autoDraw = True
277.5409 	EXP 	New trial (rep=0, index=29): {'type': 'st', 'condition': 'salient', 'shape': 'rectangle', 'stim_file': '1gov.png'}
277.5549 	DATA 	Keypress: right
277.5721 	EXP 	text_4: autoDraw = False
277.5721 	EXP 	image_3: autoDraw = False
277.5721 	EXP 	text_5: autoDraw = False
277.5721 	EXP 	image_3: image = '1gov.png'
277.5721 	EXP 	text_4: autoDraw = True
278.5582 	EXP 	image_3: autoDraw = True
278.5746 	EXP 	text_4: autoDraw = False
280.5636 	EXP 	image_3: autoDraw = False
280.5636 	EXP 	text_5: autoDraw = True
280.9485 	EXP 	New trial (rep=0, index=30): {'type': 'nonst', 'condition': 'nonsalient', 'shape': 'rectangle', 'stim_file': 'nonstr2.png'}
280.9623 	DATA 	Keypress: right
280.9814 	EXP 	text_4: autoDraw = False
280.9814 	EXP 	image_3: autoDraw = False
280.9814 	EXP 	text_5: autoDraw = False
280.9814 	EXP 	image_3: image = 'nonstr2.png'
280.9814 	EXP 	text_4: autoDraw = True
281.9671 	EXP 	image_3: autoDraw = True
281.9839 	EXP 	text_4: autoDraw = False
283.9559 	EXP 	text_5: autoDraw = True
283.9727 	EXP 	image_3: autoDraw = False
284.2746 	EXP 	New trial (rep=0, index=31): {'type': 'nonst', 'condition': 'nonsalient', 'shape': 'rectangle', 'stim_file': 'nonstr4.png'}
284.2884 	DATA 	Keypress: left
284.3067 	EXP 	text_4: autoDraw = False
284.3067 	EXP 	image_3: autoDraw = False
284.3067 	EXP 	text_5: autoDraw = False
284.3067 	EXP 	image_3: image = 'nonstr4.png'
284.3067 	EXP 	text_4: autoDraw = True
285.2926 	EXP 	image_3: autoDraw = True
285.3093 	EXP 	text_4: autoDraw = False
287.2983 	EXP 	image_3: autoDraw = False
287.2983 	EXP 	text_5: autoDraw = True
287.5999 	EXP 	New trial (rep=0, index=32): {'type': 'nonst', 'condition': 'salient', 'shape': 'rectangle', 'stim_file': 'nonstrv1.png'}
287.6135 	DATA 	Keypress: right
287.6324 	EXP 	text_4: autoDraw = False
287.6324 	EXP 	image_3: autoDraw = False
287.6324 	EXP 	text_5: autoDraw = False
287.6324 	EXP 	image_3: image = 'nonstrv1.png'
287.6324 	EXP 	text_4: autoDraw = True
288.6173 	EXP 	image_3: autoDraw = True
288.6340 	EXP 	text_4: autoDraw = False
290.6065 	EXP 	text_5: autoDraw = True
290.6236 	EXP 	image_3: autoDraw = False
291.0260 	EXP 	New trial (rep=0, index=33): {'type': 'st', 'condition': 'salient', 'shape': 'circle', 'stim_file': '1nogov3.png'}
291.0402 	DATA 	Keypress: right
291.0581 	EXP 	text_4: autoDraw = False
291.0581 	EXP 	image_3: autoDraw = False
291.0581 	EXP 	text_5: autoDraw = False
291.0581 	EXP 	image_3: image = '1nogov3.png'
291.0581 	EXP 	text_4: autoDraw = True
292.0426 	EXP 	image_3: autoDraw = True
292.0593 	EXP 	text_4: autoDraw = False
294.0496 	EXP 	image_3: autoDraw = False
294.0496 	EXP 	text_5: autoDraw = True
294.3521 	EXP 	New trial (rep=0, index=34): {'type': 'nonst', 'condition': 'salient', 'shape': 'circle', 'stim_file': 'nonstcv3.png'}
294.3670 	DATA 	Keypress: left
294.3840 	EXP 	text_4: autoDraw = False
294.3840 	EXP 	image_3: autoDraw = False
294.3840 	EXP 	text_5: autoDraw = False
294.3840 	EXP 	image_3: image = 'nonstcv3.png'
294.3840 	EXP 	text_4: autoDraw = True
295.3697 	EXP 	image_3: autoDraw = True
295.3864 	EXP 	text_4: autoDraw = False
297.3751 	EXP 	image_3: autoDraw = False
297.3751 	EXP 	text_5: autoDraw = True
297.7780 	EXP 	New trial (rep=0, index=35): {'type': 'st', 'condition': 'nonsalient', 'shape': 'rectangle', 'stim_file': '1go3.png'}
297.7940 	DATA 	Keypress: left
297.8095 	EXP 	text_4: autoDraw = False
297.8095 	EXP 	image_3: autoDraw = False
297.8095 	EXP 	text_5: autoDraw = False
297.8095 	EXP 	image_3: image = '1go3.png'
297.8095 	EXP 	text_4: autoDraw = True
298.7955 	EXP 	image_3: autoDraw = True
298.8121 	EXP 	text_4: autoDraw = False
300.7997 	EXP 	image_3: autoDraw = False
300.7997 	EXP 	text_5: autoDraw = True
301.2363 	EXP 	New trial (rep=0, index=36): {'type': 'st', 'condition': 'salient', 'shape': 'circle', 'stim_file': '1nogov2.png'}
301.2514 	DATA 	Keypress: left
301.2686 	EXP 	text_4: autoDraw = False
301.2686 	EXP 	image_3: autoDraw = False
301.2686 	EXP 	text_5: autoDraw = False
301.2686 	EXP 	image_3: image = '1nogov2.png'
301.2686 	EXP 	text_4: autoDraw = True
302.2545 	EXP 	image_3: autoDraw = True
302.2713 	EXP 	text_4: autoDraw = False
304.2601 	EXP 	image_3: autoDraw = False
304.2601 	EXP 	text_5: autoDraw = True
304.4442 	EXP 	New trial (rep=0, index=37): {'type': 'st', 'condition': 'nonsalient', 'shape': 'rectangle', 'stim_file': '1go2.png'}
304.4579 	DATA 	Keypress: right
304.4773 	EXP 	text_4: autoDraw = False
304.4773 	EXP 	image_3: autoDraw = False
304.4773 	EXP 	text_5: autoDraw = False
304.4773 	EXP 	image_3: image = '1go2.png'
304.4773 	EXP 	text_4: autoDraw = True
305.4634 	EXP 	image_3: autoDraw = True
305.4800 	EXP 	text_4: autoDraw = False
307.4520 	EXP 	text_5: autoDraw = True
307.4687 	EXP 	image_3: autoDraw = False
307.7725 	EXP 	New trial (rep=0, index=38): {'type': 'st', 'condition': 'salient', 'shape': 'rectangle', 'stim_file': '1gov2.png'}
307.7902 	DATA 	Keypress: left
307.8029 	EXP 	text_4: autoDraw = False
307.8029 	EXP 	image_3: autoDraw = False
307.8029 	EXP 	text_5: autoDraw = False
307.8029 	EXP 	image_3: image = '1gov2.png'
307.8029 	EXP 	text_4: autoDraw = True
308.7721 	EXP 	image_3: autoDraw = True
308.8055 	EXP 	text_4: autoDraw = False
310.7774 	EXP 	image_3: autoDraw = False
310.7774 	EXP 	text_5: autoDraw = True
311.0141 	EXP 	New trial (rep=0, index=39): {'type': 'nonst', 'condition': 'nonsalient', 'shape': 'rectangle', 'stim_file': 'nonstr3.png'}
311.0322 	DATA 	Keypress: right
311.0449 	EXP 	text_4: autoDraw = False
311.0449 	EXP 	image_3: autoDraw = False
311.0449 	EXP 	text_5: autoDraw = False
311.0449 	EXP 	image_3: image = 'nonstr3.png'
311.0449 	EXP 	text_4: autoDraw = True
312.0141 	EXP 	image_3: autoDraw = True
312.0476 	EXP 	text_4: autoDraw = False
314.0194 	EXP 	image_3: autoDraw = False
314.0194 	EXP 	text_5: autoDraw = True
314.2748 	DATA 	Keypress: right
314.2868 	EXP 	text_4: autoDraw = False
314.2868 	EXP 	image_3: autoDraw = False
314.2868 	EXP 	text_5: autoDraw = False
314.5981 	EXP 	window1: mouseVisible = True
